685643453
701428607
37195541
596328364
569733404
328973942
203532048
347260572
180664060
3045999
131620589
7639026
405598907
385814523
396900191
526341161
152583828
213117342
611517562
347386849
680184625
838494466
760476999
85602770
3329303
257809412
325652303
758576899
308532622
159811284
936880922
280739831
173378932
151543627
632629682
545987153
37531878
722059522
29941440
267357522
394430740
303399769
565073566
374166212
390465759
858207344
353852943
639640757
160556479
175503913
484061517
450417535
254375327
167103000
912236186
996177747
202846232
132109168
384670222
794159416
30565177
276329167
91462699
538484188
599569124
976632804
933501682
278309885
16133691
629327417
522677561
297700917
714847979
179131844
699037686
537659588
735550630
590835720
304696030
818946243
358064195
496303186
89625253
149755195
32562848
685140549
266111358
460035662
989818459
869961204
541056829
52072528
31477756
702409901
671110738
19348225
989906225
543119772
45927213
918005284
808253343
189588811
500347717
556487584
160474930
968616888
644719552
986896074
727663623
735250958
555217971
305016055
671042284
332791226
216241119
69162010
278012706
401318709
137698508
243327849
134676037
501141897
943368060
766976122
104573998
762772281
883973251
838089995
370961767
774825848
924346479
168915869
716035125
230922865
114162957
804888540
930710789
905416798
22807635
60658657
609161318
886152094
193272730
458636480
149067511
689803869
975747120
182952933
86333692
49001841
26922129
646563846
879429353
12465469
636874095
730575730
165898798
380033173
360741165
286187115
860535189
426872763
629186807
797557360
848691687
160861754
778722388
351958464
917124873
924970171
701908650
635819560
586333316
630919632
75518481
266260759
572372786
458737498
560733872
555046830
433085546
590649564
743775844
288790716
589720323
562634026
261558780
82274183
86291482
152997048
142173259
119161954
883073178
414960423
958320559
392659046
784806136
389015701
319726034
342353928
576258439
818759027
285718100
996031611
792195226
603889149
365742328
82737092
103716453
481556934
315204
805733225
764941829
692840328
387705828
497300085
939147051
866231422
68169343
369698762
905357108
559554965
895906170
224133028
268324750
404161812
466247943
483233032
185324687
68765795
577275450
70225956
759805046
237007152
922379002
379964711
345365612
623448917
36639996
45198333
469599803
101397704
567216097
553043929
959180105
85287572
25635500
968202003
742992148
132171219
622581617
133024704
22154490
123997395
385714133
407052033
963868753
469543863
195441459
286127807
953600589
650553696
61818060
400126366
642766304
838620502
254160603
804338878
85278245
883623474
988079286
308376309
314924119
563262724
875966841
140530570
988452522
687683083
878152226
231993633
166382226
467096353
476806964
423039606
448759148
720409439
326428227
759005959
214658159
838999080
151185800
159705373
378470235
149752112
120618707
574235843
26448406
130731618
938327842
370561424
748362306
451006752
385084358
509734583
185433406
726235250
498206192
216206482
622214771
628721693
237346787
844129780
112119531
494738857
444054423
943922003
915074893
389216765
161677157
639281439
296764101
324112365
954573926
785085698
609795801
382203051
64735271
623718561
419604879
908622421
55154860
594058716
686353375
221059137
30726481
95359778
876159257
333710717
781469630
406308489
8768611
697348055
950590330
196411081
223872251
257193433
325827753
996663797
348070286
182214094
246485586
705152347
592564831
502501415
797272773
256723544
786673040
651550167
142871722
762193020
298308346
263183823
290221876
236763947
786239349
239282100
296143553
728137364
896509645
70671607
492917455
323932498
135960593
339655580
473774325
486476631
850457441
357224820
506755011
473767085
265639323
993107330
341694459
350882506
9342068
932382514
846865513
581568157
374253916
357228423
127613196
729904450
566447000
189920673
790573816
201426205
610376769
356118542
183139015
198533920
895472398
291224097
598332315
187379468
223531463
650988473
860359924
79864805
813169087
688943079
132301851
510238153
628659347
915870651
644228432
658001393
619480730
394376616
119977083
427783441
285994949
2405373
861120038
150052596
532967263
742155
511152202
97876807
273687957
912147396
706179595
763532917
716289169
244165617
485307933
711197634
838879534
611566316
290207740
829676226
954950674
825938251
253814582
77218564
339521586
866346352
736136463
474066861
718024142
437624064
279465774
297423196
443094374
531009704
863380856
624714416
426065255
703420744
323513487
54059858
427214441
644359538
187134891
838900272
906419859
645947115
433160458
820324195
737483245
151617897
872559997
825970138
424333080
816753517
656515933
29676457
43826226
651878494
178471427
797103688
671255331
923420320
738106503
506149736
210947927
636892625
18489861
837310928
135987462
525306287
420595168
502265860
41697624
812800624
362114044
373951373
751895845
5143882
332052758
84384559
432274017
433343635
218125003
597050610
32588471
684779332
277597212
805162701
311263920
198066880
515570694
428319346
892743116
673666539
671701206
293973272
853511614
98933401
820852059
910557439
300249546
577608567
537818938
959531315
752554678
557141899
174446759
399554927
156919552
886643272
26130428
29544776
518264964
885613204
454807564
189244356
667289878
876635408
532701114
255415376
333427523
119569016
746634450
283815007
865371486
310287058
752074881
537082537
694068257
871878458
731232733
159796203
384769228
235158274
76073539
885616675
216858091
792636699
465813600
629738066
249126387
623588046
142049825
88895852
129250342
305073661
930618013
507840855
740022677
885988881
502744465
838352713
882631478
514520556
731620637
796242911
71616330
439422659
86413951
383180592
129280509
226710852
293021336
52545912
156604136
146170832
896997425
747693172
167934826
512457144
429838117
804211737
163130509
773943301
605862593
277971214
832369734
198726353
721027422
996251609
590861553
837297782
271572807
982126528
227452938
959310253
73574918
208829997
124487808
86306619
789613353
206906286
542832644
335588972
526154405
83096448
972470778
142596142
433278495
519757459
748297474
198000656
164031321
822893839
128962036
156272260
576650873
92874077
586744709
96766787
313572925
547905314
699863884
571944021
845440763
344679672
700173676
467650741
877538625
278760304
432366332
972865704
566497750
285232998
491450907
875237717
348868755
607380360
366032836
514562357
911629846
559686938
672060
30631689
290754185
804203767
650663652
708188530
843041405
37764992
668223658
594894230
618469934
570947156
473176588
818615717
284522357
30652918
381176724
672208004
245105466
139735170
490640735
471213998
816974450
816182470
887266503
218484161
214585283
350850247
601182102
86554964
941825325
153303902
459440560
23724663
996899354
816856792
901443208
170951172
762697895
337403183
51949837
306211892
860291133
134753780
930009879
235528962
545552527
987279504
606491723
593393224
41266654
876996675
151865192
586357786
84473830
139784824
146144030
367702415
539532914
546255077
947086176
806979406
502488183
429787662
323465591
224366895
256479967
735864859
242741731
806159208
443826554
557672123
160823208
149606257
452875316
347522275
68840233
405363768
251390816
600489165
1230141
441855289
217151617
404535416
262559668
892355466
310165303
37699243
511118110
922708543
918186453
507552752
871587826
424276887
861894873
948984831
387925437
55032513
106535124
48310694
86900877
159313376
635523556
591718726
313956684
70256053
520212645
566859103
923986174
432801833
224701157
354458524
309610516
374722200
949521028
486437493
960805952
531151615
973528883
165242745
949917337
876745701
231931130
486651633
299203633
3805373
4584068
140597928
15631387
270837514
48236637
291531595
678400701
749836404
640607137
189784478
851800917
798452623
412383148
205782912
923530082
826338967
428985640
259951641
931893327
81328185
142504902
431934558
817141638
869682161
505891772
859597306
608428856
921262934
387871567
881128328
676746349
148205255
573124086
174445662
487573827
977013453
993366476
757471232
604938177
550206133
23066828
624623267
935577709
424437935
511424112
376422079
762767342
939727473
992170336
130736564
556412267
433243072
822905145
812087180
95111703
135690416
250183795
190920335
848510029
604223978
859389051
961531478
116889161
804155716
58169718
642119791
856245700
895443637
104603503
416206205
801802170
740745035
431957860
971770839
727690199
237489048
788150285
103630824
393555486
677768568
451299141
30810263
318279618
118844917
92305398
905733422
150792729
219550877
622678557
868128478
967014498
473821254
996816867
16739809
196549305
709767428
379892467
623232826
397551622
965743957
896408364
759122840
762155939
556784646
386634319
854049470
839310787
527102976
930351823
47835120
381745886
451571784
146294985
491475212
213298340
448837048
412032472
895754087
224349659
371353780
243592186
9279801
543155498
911343590
872078232
642825739
966251294
635960562
714389813
951893690
890282976
590365665
82170887
305758234
153991261
296493682
250435478
156959369
967759828
851202728
803425079
709693628
898754624
617434240
57943054
6764579
464088772
868088509
700428190
128118187
86628541
920344112
298438702
952705960
422739823
203384831
909187454
925361540
320455929
784328105
390194514
968028497
474500962
843797528
260241941
884704288
157439473
163741914
191292863
974238401
836598345
843451995
170225840
317104181
836837286
642328232
627844731
557505133
139312705
541364616
367581878
762257054
918171809
541393152
408604163
103614799
457830885
840440472
797951357
12341626
493234753
417622324
15285959
414771894
433109081
762639631
218650817
177960933
430147535
792564111
919825505
104381699
848078472
570085153
783273903
289089899
611423738
228722243
333715157
171266671
83083348
204750725
719261850
519015770
228945213
880578934
358707575
436387201
460912984
763848297
40537583
228717574
676977433
30653553
156269710
369457230
532884476
206694051
482122398
619194519
570691497
741723830
601626277
774686443
65288236
195903913
622393156
862916632
641454513
117294972
4437969
431327618
866804399
810173032
743239829
325682172
339933137
659702267
658875152
127079360
52290527
926693255
355941673
577872549
8813397
86349526
643455132
79473298
386718015
876368151
995907544
189930192
857237625
182706079
200864525
500294926
632617542
931523049
495883918
59408159
250140883
903388876
697490664
7606775
163135224
707177519
245872409
555039023
121113320
825126588
405560423
764441635
590574008
218600820
468621482
223442542
540494112
32069351
396508901
869328010
659123254
576361708
231856444
632240622
748376717
363661407
212643156
502893075
553805059
872744636
314527903
897709543
275378620
97743669
488618592
924975416
777919005
107485983
234832304
910570884
185123827
720737799
66255988
846462122
294132310
765049603
214400575
673505456
371187807
476607157
389215743
652766737
314614655
593713129
97362641
305007436
423362467
783822663
451942813
776079634
462532129
767044335
106371326
615533955
325090260
965651036
364233378
991934859
701726475
457767677
419942782
915520729
915758518
410246795
149031078
603195112
870214802
612971215
874330994
737039754
553300546
862978105
719810907
392155557
576255384
266603065
181580811
557742140
944267691
114871102
790078082
442539328
701959504
132400867
856844572
422671025
720039136
292353090
438229132
756445521
622898991
780946707
586017902
206223372
153784966
787683112
915863846
598607103
972157527
876883979
703876794
399679483
528665257
108149901
19968347
681560881
78103081
847945062
395420437
421689407
461403693
332804841
823136229
400873546
824286878
677451072
687294022
593337750
139060955
393427705
742652091
305028838
337331416
690447349
147239472
154271656
406311990
42763131
98747142
318406519
506892413
877546600
844152642
574699797
198825584
835084467
678225599
537556610
225907314
203279441
224697171
179443396
536516199
979462651
296917176
655187418
249067348
182036382
123090173
591772024
50317518
541501593
355010955
944038391
724712273
598256231
318586221
248160217
468902088
748444729
620625269
880267966
441079337
841689892
811975634
780806347
17464251
965691804
490906177
640971680
477733257
290185763
577631641
976791268
796629281
893615828
408055189
148788625
264967985
220806249
63561874
797590868
860664214
613324520
966039089
784993339
190156866
703921569
106385888
731648709
417755337
194802553
960229312
918072231
151706082
439768674
287157478
994240843
635389439
375412048
225387941
292011687
968976181
984364561
76260190
491191767
724389325
814115459
247572277
840978610
915387557
297543298
695727919
390953496
690621728
50418629
891842463
939338548
830418676
581680128
828945400
459212308
275071380
805049730
959229412
911832813
969083294
694790357
771775649
400565576
223418357
121659890
347865747
430259856
55014796
850486324
814489800
105072172
37147700
653202337
820114068
303552197
291699302
431095508
789731763
904725313
391179290
189596635
852448158
821825547
34110556
83298254
640469813
469086697
528982317
370768009
829685244
197291437
751064346
692883310
342149793
28332354
330834065
973340120
235641490
779861611
279448020
109914259
324594651
801403398
178416077
534247690
936078966
553085403
788668466
859770333
577126639
669642841
313918424
281446797
300723657
299574140
49777575
360964307
45540590
955331048
286626244
671355861
330080237
534675927
814627901
127824014
400070963
495013571
162572822
397581734
710526535
388528636
69437408
342729892
701163907
554187283
156813233
130289958
484709396
22031463
893461917
503423537
207719009
976729609
951131455
413918428
634099554
365788145
297643280
504481386
335912011
630451676
62904799
68438022
51684523
591035427
169097629
397158527
33254232
805777306
89642388
886810894
354341581
364231829
753753077
472391358
479473846
939876045
515764623
304749845
382936163
265181120
92434198
257801276
248303586
159617865
449270231
229237449
203423266
538030197
900864653
26861976
220153731
772647566
597260642
753400823
415927407
225791790
282748325
278581256
839530661
66662446
212511988
812485865
489011638
255935159
732849099
663181590
512897364
695367592
429047197
362948153
112296375
72574988
893852346
653645569
235203867
661151369
31863961
859987829
415739624
589220185
498206685
563449382
646578981
924317628
539096015
419236656
994527996
449093072
407698477
173494517
499525937
197026474
52287451
492713551
783059908
510819524
580544043
288281485
971975829
310747259
418079273
25673150
22821536
416455418
111830527
986774660
757376543
865901786
71946194
675726905
486878640
606561842
602383198
21266458
129647050
842646854
658847572
981929622
5848197
602787302
261636387
637365924
302539885
732590511
582670722
224137779
630020096
111265019
172064330
161412807
171166677
57298994
690687111
615015880
522264144
294560521
360807629
99143613
14283712
54987702
477927561
190745377
303415066
897551065
513228090
1992587
298362993
205962921
6228537
907945800
38650384
815693984
806713197
907507766
643890783
884900449
377492383
852923678
943829088
411238492
990647135
361657869
189222925
174385484
471756725
274705745
142071946
350510898
25583335
523084212
848048393
566400224
550481756
955516121
236114164
915580282
239321282
674454774
721801023
87540476
166392522
632339532
746683566
946175913
360658898
297312050
61820195
682479349
297585138
489037095
921304339
386455546
524247325
684946991
811595305
80549660
626264130
836359389
460879281
849414594
682507182
823365543
778413174
41999284
626213671
878509588
212931090
598570649
606937756
666010150
440676804
405571368
894135444
768543569
547916040
612431186
746942580
792665971
888300590
946122844
182024267
443004553
531037616
755357915
934592872
893465737
520502618
799735112
159479198
195773465
198351844
644150029
643404134
542868735
260013339
544501686
779716536
263801733
848554544
57331433
140543886
669551071
872207363
155434878
578455719
921533563
323540119
544725704
317893136
397340770
874828375
539962661
442678323
438161809
414170544
671399103
821555374
679449222
298329839
853262493
813685327
311871767
908052233
587708397
68287364
728324698
389970842
168161831
230793863
544602539
130359017
279785874
975590548
280281503
425281482
323446318
793485945
914431540
245876026
359010109
682265412
17340616
233900807
470935155
163954470
105175830
600407084
750716997
485258622
147045977
931551044
743851819
415178232
747552775
131520750
315694041
299598310
473646409
450667864
210302084
939765284
436137515
578722233
307958288
346687655
532001603
910080940
750063251
283790032
606848972
246546695
48249459
612254860
849790976
994767083
782683464
731545559
743505310
751804136
210118813
589969718
171342615
400919579
78542018
661697510
688190836
951628339
519454141
569756847
884087420
252154933
865806432
410307860
321948054
12966198
295530234
394572660
860655322
531812723
724394540
142538981
230901006
727761375
191296340
646184129
541807297
655526200
74779234
579453885
59196374
391775093
329577686
811318711
400927411
916306906
920251229
95230282
565260896
947081650
35150933
767916894
587722616
482695749
841967924
963110588
97167798
903174288
487836497
126293375
604966428
178649580
764974598
92314299
422815459
788441938
695262
452972618
859160556
715134390
927811493
223968797
30463765
107048558
459864378
832365420
58050837
704853554
658912272
366732879
722902470
246057023
604179911
284533224
699657674
419010416
400785371
8703983
371209843
681602600
333429451
918772325
990249372
860569517
25993927
601292168
370479367
848954486
914065407
880366423
995989454
860826056
294791960
835709429
531556831
298678503
160704397
849627501
260774411
952645579
674205908
120530791
622200932
432941192
534404541
894924909
789175560
593927573
575345765
735033915
777237139
970857192
668858937
380992940
472896115
389131743
524891148
659055811
953566432
245988212
288290222
467354487
117605401
4538782
836805083
586078460
820377893
81422831
390373428
223441172
838319754
469205581
564086933
356795405
616633288
830898740
861838323
431951465
422462487
807106582
571804081
239944031
943837520
353018190
538109678
711828821
877483263
405430188
612249833
894647733
701047755
869635544
473138344
171091868
187233222
320388765
235022676
988394270
337957364
816415050
480013005
345683647
638615255
294200364
436131771
327976260
557554389
630327356
553577452
273448188
80537365
614052958
363080237
465739232
437936498
203240668
727204036
973656633
284702207
355198942
997938425
439844604
973353251
240242373
363574800
693312930
114042377
808747744
117895475
702418731
543674207
4705875
491263427
256149138
428332731
37854826
55151714
66655787
226303506
410092500
92881049
752462096
354780508
180084978
158158112
110239927
654801374
202660493
961574161
94804489
148365542
706846154
854573709
234352985
114124396
759914677
811673971
813370826
919166727
746524377
748545584
190964374
275259363
824376703
925344203
154887300
358003026
672014932
212928163
806917443
26123505
550824359
26802727
192259255
320545216
546407757
284877572
985110003
519282875
224249162
828310237
96161291
901480943
438512748
874189441
941200039
539975054
36223239
257996865
316709001
443438202
906882021
261078508
448053414
69128043
331739741
145495795
857976340
843663533
660023019
731274397
18857308
332410602
69302353
121487975
307994134
662421079
707741686
565884768
321351502
580675143
732423478
253119846
535019867
829452594
639909715
988624353
747643169
95000493
281601469
98062328
352425725
237031602
731574264
993042858
165612974
769530049
388497853
598650404
366921864
591359179
739087622
977716752
624096078
107893708
641732595
223239755
685486554
396217054
910067625
622968401
50646852
197811577
914291991
444310886
527567318
672587476
345039648
377604621
835414094
335898285
1857637
59598172
192352093
284571453
701317238
589964357
665888112
502547847
110183557
654776670
331281536
304814675
93641340
87222641
50760596
459480894
615630654
285229371
539570252
24832442
667090914
640737302
395568432
795686826
538264461
655930414
45291628
165711705
617920586
821484813
442608499
50087169
681928092
52128334
301535315
635163724
765832175
957103917
976056776
205371685
321627451
314286259
618575913
716535308
282211671
584993286
182719729
615683309
56216625
738268881
933563344
354929617
81266290
132490362
898747092
67932726
485084166
830544896
335561351
272916970
735265824
860035777
765034891
823412133
826322857
940806116
856610309
804054157
446804584
924712022
984351643
536859083
618088367
585662305
287296013
892887319
747275955
963374776
260742242
929408248
885302727
695601656
444408123
407450846
989711639
594373230
186992869
660153053
632686689
173002846
957149617
298822962
642317439
642315797
113216637
255045034
121641645
488916245
446466910
686267242
16496209
666043855
778995327
900058968
16762067
857855404
294078096
96610768
634818869
858223568
225858574
883042085
409608032
678752130
701800413
989556345
822458588
972201263
418034357
616123662
349930653
399393579
88548521
607855811
440316777
236166116
688618498
30255352
823140923
85778200
607538256
605240256
196338608
19623442
896904935
155528140
505368112
79675986
148100865
143831105
184418299
305996287
165904099
487396496
998102401
32641379
828464629
725985233
956277793
889455547
246187696
436546007
345520387
830031860
4431103
448419905
213282977
88220967
25515871
544488717
813094147
841865624
29748812
703841975
659491000
910254377
380433754
498213658
19214927
957147510
553322849
547024916
411495062
192473719
736725971
869311348
640376109
43351509
263679
630969519
236157615
298558886
75308123
744649498
386999788
129144674
163447922
901756566
614966670
11370123
695542872
544391726
148893112
113407041
738840196
46871758
166956921
123321770
775021911
530410973
367134835
390029061
592337768
343269131
813241571
532896604
728840215
313005573
470813658
61980114
970421761
985462697
208499414
587510859
584445237
119074029
333714741
903917975
375018217
495079981
813369213
719104830
297985619
26248234
288125812
332139273
685682473
668130050
865850686
189624577
258357375
261361302
663512508
421163905
704747718
23468444
465287390
764706617
487084149
443099373
736974152
137661737
239266510
700135741
228823425
399391455
569129510
444615366
275662474
514734320
856065551
824409266
266823959
830227961
190924186
30699499
484933492
718610906
825488410
602797785
200992004
682839953
71911056
372109016
320090009
151739911
961201763
838323902
111472411
65918924
637422235
409272507
893425224
4191829
727790059
682234028
654169295
109723117
187557879
362762604
826408627
498417713
326875373
788051033
536771275
534298841
588923159
294184957
947337531
937924261
300965803
991059284
808440605
928348680
317089924
930527954
915239206
836892773
537106546
614379001
895768570
858599026
544284285
582649048
73115548
550538420
990206948
990375843
650757527
414595173
515081493
804894286
94389615
588661753
351571191
750994838
296742583
310891500
831068296
659438181
117261551
438675869
604261637
52620562
149675133
712145153
778667395
545357932
311765289
672740186
624621638
163476104
388304363
203698164
841390912
212003005
271526854
578449161
684283416
785428521
395945061
396111346
690537306
675986715
417816823
769814204
389913595
141864387
370271062
630153779
391279242
950665546
561388038
391360083
283785319
12301823
528194824
429194410
608996218
391860840
838328871
651468588
997627115
701929892
680143687
311385531
853923715
868276328
146673490
592403980
107172652
200600962
784083458
306968350
899968756
257044577
462680273
661728094
793022426
629451643
708278115
1823462
599005406
855918700
247199567
717509711
926278688
181908187
120806809
158627668
432112013
40120545
645795002
86599480
293923029
84837649
557623022
245880935
84723294
723652941
880629133
600647519
286691971
983965780
102915938
134711418
413718550
721394680
108790895
514749412
742749080
920126264
88699519
384589534
468245867
586605774
77692867
314491561
521806391
967247885
34787321
966706013
142566929
507556721
512058125
92508468
850462979
787288142
447030493
757826238
442497235
193689258
209495044
231599298
809486619
869473856
724096022
527059044
731015670
273461647
202563386
734975907
129239410
13300452
499618920
435504126
267540404
245698266
398856180
138419609
863543299
299989541
9921317
17254474
674601883
777517615
37525016
802465618
955845701
942101189
174075944
400850361
555649994
367015084
305604322
282094952
860139942
947830712
423448748
162012386
418927991
735435173
91378853
399761516
340248442
966655991
676638228
19299170
277498950
599330941
385812055
512340753
431396395
649995843
228318950
798929611
184473465
952395596
415762546
5375380
460568198
610757797
408670503
495793229
981188270
520285259
411401958
556591013
35326146
475921800
160661628
91115606
647231199
463618252
729822949
843404155
579813037
421333902
897903615
128203584
830162544
148684592
386867149
337564534
819733306
443070529
56787216
306966942
421650930
868486904
375388386
214662601
33115941
727037777
649445033
461598413
540142976
839058274
525551950
246628660
278952373
831247256
394092058
213327809
77018769
80449252
445603658
306749101
926856192
267269077
7415695
535898834
295059241
797423920
173168597
353355512
780431746
584663860
460874911
890848204
808788129
262706149
312011307
644362601
246876681
743831663
162264054
497581098
743917963
594493784
918098737
233072174
566246734
643643610
551644743
304072683
176037176
857479934
301923141
423830681
334196286
745966978
506045817
225161480
233681375
626075471
688043769
973222455
835521214
905336521
884090168
983587073
152697360
442885774
587917877
904783871
697881168
268001708
725482169
466334238
419231177
723165751
395244861
540303114
859236025
454092723
649742282
419480071
185617590
263592224
492037261
813502055
580644083
364027511
348815008
964269533
741902566
254729957
971009099
417560611
316964799
395513479
871559356
173492581
16281727
427892543
248918903
625683247
820323512
844629425
6361516
937519389
949996085
125475638
455079878
301614688
473086160
453522532
132984123
839440850
91006955
834934208
806495848
401249366
779644049
422851065
653833272
254048588
960619112
890183904
74913530
142138747
930675627
799638751
494338551
108558092
490869952
650640501
483382342
255774852
878487938
60818117
207367752
400874512
525551801
680564830
842507297
5223337
90142929
613359604
789182460
60818726
952979287
275721694
595938839
544127098
749235897
527576931
153375957
274192910
838204847
347292113
861034731
467107926
674032470
77319537
431338222
28411807
364462147
520064845
300769936
386721151
747812666
344976701
146286525
77037682
628646049
277979994
112495686
702739336
948869377
424301209
779102222
213419269
791560831
568889713
653358709
662022154
428915021
861960766
604213765
979001917
345974929
507506104
482545072
112439092
381288908
115171725
166189092
681548120
247455396
753533335
606087818
453327863
550930312
242735538
57664337
912540598
391256964
864873960
2784939
108535773
730997677
51055951
76914863
761487931
951387728
476204313
93284444
674476536
67912111
55900932
198974522
692646928
793318866
186137502
134516303
641398537
774463352
577590444
621922805
667964866
896867366
163591987
686228410
978938757
360416999
231350362
738891834
874893634
977446005
47157636
430035671
103703157
281329699
206123149
670532549
443899793
508243293
480924688
132222530
119080767
5033758
246340302
275905146
624276231
482681420
767991439
354936523
589455171
391119474
808825548
45301016
396900043
925830947
838764068
894954261
608860211
734970633
451922237
730018521
579139250
415713025
257649170
4986816
847285494
739972068
493893630
676657747
943187480
311185856
214423094
460227019
484343029
145423635
779354000
371011613
333299379
668595182
240254619
340679635
171937983
392771508
966910846
891735935
508111204
974534444
456548112
293738289
307105802
874571821
93269306
790895896
802700898
947243728
113508623
888473061
909107411
122917286
692871769
429015116
928590198
883132221
824830750
971350840
149045412
285709855
295017515
702026946
555179264
716707713
24896478
336075046
857085661
879060355
496427423
287117224
839106726
589734551
364270068
102889895
332894354
105903231
105305430
33079139
236145167
121345167
529842259
937785665
946860731
655199031
818416790
887133410
700006186
62244678
573339924
316718358
331356426
409876098
372934201
559452744
216627986
34545285
670035014
311035273
321870497
843552807
345392408
724453503
877449882
141912635
356287710
316935046
223314017
273815226
315148391
257761390
672858816
990742774
855528449
942921143
910766800
715336321
892033363
370304020
591134290
808662474
551453073
903488489
305729529
142040778
285196879
213829780
429107812
343006064
453044262
48599102
822857439
469029792
510695087
871201350
743004668
247516756
921987268
908754009
398503443
217332620
656044
840111222
701557466
689205723
410270743
743106654
672711416
835762077
822808931
329070235
4902540
623970008
570070401
782148723
278354801
379369573
597008267
118342989
443267444
814766673
351621169
364879325
517241789
838470561
452404786
584770565
389857432
371213941
748504332
110013577
789854849
192383105
820973362
160591253
529514667
681354376
185008862
341729124
101324268
904372417
388940832
843406661
222003771
116527602
558871292
423060095
969228258
560777695
933208685
78438423
450124284
672271491
960550064
727767914
705965819
488408497
980015036
808660311
609945472
500883230
917128444
746528946
480887766
396548724
696259004
796715128
590831788
881341285
702771250
46300144
662924601
506066345
922529100
981246614
353088868
355792757
186019651
46204976
266259868
706687341
421042203
822337057
747191476
992888368
499793116
321133805
552168220
375614936
516019117
133545562
94055376
545489152
188490405
990061832
379785570
152562514
258230472
975712295
593457512
389024071
428726689
33045446
766313950
884623448
608585515
889935625
499454771
289258343
920314825
701372382
152552565
580754308
440345842
736719362
449954488
462523783
763531194
587843653
634084521
839945873
371569394
62632151
733778621
439325033
863070134
20544040
755001978
61147212
947424125
866019623
101114174
152187904
728223574
35704210
126213396
21612493
819023886
50331589
438819772
259154237
579926302
212173523
406769103
386288292
353221753
223373244
499808112
429925457
796279350
847749667
526778744
853736898
271707280
258833970
649328323
419413674
879286709
719157000
101470783
684621591
221706431
411208279
986883975
574616184
910124054
380712558
83478897
718627732
848857400
518484510
791090900
733644575
345784447
395078806
506218158
572264446
362315870
791785566
178826505
179979757
37193755
76873837
613351353
320273452
420219003
74777567
933717520
155596419
38438689
458597648
862001999
41065706
456176567
952536751
866365459
580503740
531950589
317882237
968507390
331951398
781207232
377912292
989709585
743372245
28934221
961171049
199454035
380275117
118911234
971717861
967803075
709516317
224342609
262013305
286046564
273396403
234347242
94400719
797131399
569208245
680461728
277007185
972411248
963736168
106835814
445259385
32336931
705304231
459374712
607636557
499017004
699547078
665815648
286589351
991838495
110463414
88235826
59855461
737825668
296583610
274795186
931517467
312593245
526967493
515951713
565897223
186853871
285108410
947250305
793789419
921843757
864641761
682555222
227529139
188866851
417549784
171153718
135285459
683554541
476418718
314836290
882780207
238589359
410143895
758499712
619620861
959259228
120921672
860655665
110668664
412018914
800400320
273867263
584798277
144865274
277567240
517134365
279183217
309391348
580576601
137237748
332993368
678304033
753319665
41861823
494096348
139177684
895815978
159438993
899371223
209252155
961719986
557185816
344831409
492201473
60488314
716204065
99734157
609606210
366441249
389257151
242009897
364020472
367723523
997758866
99734994
794651989
51515670
594691173
699354825
182139160
667688120
170134706
750754798
341319746
57925327
319139899
738427488
949930556
122422912
248461148
765139415
487171196
260429075
962027696
62143184
465194335
220920896
439181009
547885281
750286904
51357179
108086506
7989217
972497692
145777516
286813759
2809989
468252783
666598674
940361038
884434858
485168607
507586530
964355788
428326831
757782505
575499893
606819714
904916722
566136930
523301960
289115804
677390503
63119639
464939334
391220681
464944718
187309236
487618901
924813642
816786772
574298889
22008015
250787675
458589320
602491011
856436471
911016436
78551244
508064646
147074875
195147458
197312229
590333125
864296459
226233754
700170108
517357663
514223110
304439029
985647784
504434440
474113156
924336038
2296977
273866432
953715498
150706099
543333678
884072978
116687758
29444366
868987313
357510275
730704275
637859012
549298063
670032523
921650039
361616887
162671388
1360412
386319216
275826977
99344493
844880972
469060185
826948576
278933785
332605247
763802600
586257363
370667626
921781925
545130865
980913949
360302538
949556752
660861604
322554443
540215992
436468033
100378377
602629817
204438238
298147355
885550542
876287602
617420378
816137950
833160374
323554088
104313788
511202137
100490903
195122254
5216782
951585703
20975455
388678928
740882293
176342192
67748911
606958692
701564631
269136399
243616441
316367448
831297758
338702860
390661357
221175088
310047698
481665486
385354817
38603641
110172614
939128119
582896432
95991368
318133436
142706589
518120416
929121771
75765388
297253430
663781258
845248873
392623474
3047059
82186723
336304148
563178292
747764196
231115204
857230583
353489610
269246199
722628559
659925043
627875165
117638255
154336285
144054817
388999209
146969271
27086253
525981951
233230534
260264198
613225878
616237185
576438753
101329726
623226793
80202298
946420
215762968
523132894
467686096
934182173
205974604
378469760
133652662
261376613
136268170
358901079
740081039
700944535
549473773
852814889
392758285
48307893
114353633
470713303
464811782
226015522
653040717
873800500
917480567
220288620
487818863
324565106
550754619
225126059
696433970
60678779
757589459
717717661
975368958
891284109
800106921
675034448
983796337
883908278
734351404
723940861
882011424
813137544
65165108
17145842
85527696
442947082
830246296
98036665
392510608
920695052
717150053
770052202
835740196
154858496
973406105
9884472
254948474
863488239
238074010
508078720
555439523
327403681
649432292
255750980
850494114
473943029
527818376
144839071
151630987
217198318
105050827
84050204
129416170
244522254
851580978
988776591
238273202
644896762
215679975
643957298
131402615
615692585
111530257
971482606
980571779
834621183
831909866
321906738
692901152
180310874
92723014
657930278
843651132
409126357
205269825
671517069
103016459
31713898
905063339
538372166
771901521
177175540
706432243
896349542
894073350
679798829
957933201
857109133
600387777
784235147
537676756
215294414
492019130
152847900
630788797
719848204
805144788
1374880
748316888
365994629
115743701
687090586
460000442
69940996
122996513
193315941
451378424
544032735
33866253
842941501
562940891
542646789
810274227
451430998
687017244
320491114
686699859
171129027
347057219
763487953
180595570
140033501
523645747
900833154
543024180
776756084
424533746
248247067
563032543
613604293
895948088
166187619
767313646
668609076
856432039
298877045
924161967
235686461
468560106
666776681
23174689
133046097
491515707
135725035
274432941
585545307
883820099
79953619
364184446
526735178
621070830
744384265
673045927
953412519
49214611
957378979
347203060
72827578
590995261
37563818
758340125
969411058
282719144
150603272
63442961
434965400
918986270
957823366
725433461
366524039
446802341
545372093
37730060
19667992
181222757
457482943
466003363
300366945
383120419
566953673
172825352
349136185
975756597
793976977
359925652
740218180
145848098
473510142
349049160
277764693
886951303
78157045
519537092
91402094
365984860
341440091
191095115
199712310
652991627
514986239
313558800
996597468
168264928
778285322
498722563
548406635
110706292
31996500
348417164
535077292
831203519
192492080
592596248
115573539
834135731
327844199
786072001
743881016
611208338
135268394
365398547
658574305
745048654
575118662
589742860
429830426
836368372
635556847
304081917
148556548
899895851
727408411
508581459
358440545
199646052
112664273
618071203
57016261
413952195
497937262
995143807
274120673
677793836
601796109
262104064
573564296
825151369
301925613
786944516
297368867
934256834
925286223
189222899
488402180
955918982
155834361
70950749
584322106
708107134
976183515
483562794
236917260
623862106
579113305
486584420
610690175
470537047
391862677
8245926
616626040
466221760
164302926
237681331
472662599
280821857
457806732
468074739
819955416
521976657
92214378
44902003
708143716
667591159
616352129
479932885
127789827
398772109
50195810
583329637
310850898
852418946
678135427
226356758
854805750
188975124
345418312
763610851
798661403
795389751
648610895
675673666
607778801
169406930
224916913
113304256
642465766
148129756
432260299
354107797
636830987
434864925
324232205
306061827
450462144
498483174
144207786
785377445
127252408
868041791
4306853
232716181
989017163
688242614
627795213
195282292
223131280
824051260
328578471
740069011
60594195
153958661
824720058
184980639
376101034
94690745
8647441
177495392
714362998
235111981
311557158
58037871
925791579
883098206
815854784
527389468
718515795
579941813
5031007
778443563
774273410
705084498
413332773
742191379
947542987
937484906
659240337
815648155
404686656
732321791
328754308
976804521
566751875
957992245
978894624
143627655
312619617
295664733
878529531
630136216
780738000
786816971
293836012
71169948
334777309
510484043
631467190
806466819
506287025
612061549
188338171
56926759
308386252
573591285
965564114
661242428
20565833
694185058
608413614
717264537
963148528
396950765
313719599
225127957
611194229
722605002
701752375
896045210
894688631
589278358
994684932
949979411
616077059
227519965
50529295
768637295
876865625
997176034
718350014
720460656
285173859
521536193
455462079
547364365
523104311
449372509
415811695
173753364
92081928
345900405
874685299
265071810
36852876
575875762
101815786
846374953
929097109
414314230
739361840
344922132
30567192
819365665
52844061
547144774
438016234
127230795
96797739
109351983
49048048
878210527
776860942
112764637
865894331
754981855
790278968
202656157
479186522
625731807
705936078
338162679
430690725
820016807
366261113
184970547
132704226
126909366
422165893
170417202
434882243
896517237
738813258
45127195
203235980
79835862
38640111
135778350
613551200
71086496
988167576
854182931
273949228
759808021
898438907
360634674
887164782
273442578
242013901
154386336
373109121
590927164
568293582
469843793
325539842
416912254
334175019
775816708
298129562
767496952
914447420
788651872
264142328
472587302
811342974
900133847
518022023
183671498
597086178
49666691
630137977
468600823
380694721
903586484
609967086
51271165
153314011
488576465
186857848
352523603
910897819
541118804
780215425
479528542
850804277
354214750
674723639
383589418
486339829
753376141
96210521
788856208
200395185
130223227
7200119
216056545
885714292
340190257
522009411
979307686
789467909
645747823
159396582
420155649
282915297
797298345
309979758
841698298
616713968
863075736
870422034
296861672
942728428
185092021
746721945
56107944
908683746
237559777
68881458
982561164
28117654
448051270
490547704
858575465
193136469
478273137
845707028
682355316
463719974
507011444
188410521
640884774
25440973
965945294
560846131
655450445
762358612
364116111
304099566
189365860
984107750
349155919
985141329
51730953
102563978
792294886
987312846
899757129
965530201
332870938
578104629
180753190
641562506
996271689
316435161
471985453
586380943
742316791
660406983
119153730
323952983
235452646
369314085
155772831
612659536
70901046
847200556
631526493
45525566
883226016
833999698
329870782
982529670
217537014
237717693
392319923
995394893
765411766
746689049
130997256
272416916
979914840
190498904
975141736
52346372
767611616
288016788
646213073
762115118
431510569
612344166
233101989
38675833
285607561
444491399
806068026
767264653
133092076
887333830
994130879
30294191
555149696
969109565
431789822
512555316
452022050
59162969
500486023
703902750
270488095
927314503
620564555
734483228
61401606
486338730
68198844
805317841
205644415
995221750
920842446
311329835
504886964
642213418
813026743
371839905
372712300
494522667
670684531
503350866
992687002
194119226
189883447
732642879
157153421
544066478
123516492
317851178
147484351
104207272
690420056
931307260
571769074
274010213
214320538
459123898
512418622
94655587
126070326
984764768
166604868
640634034
285645957
7412145
597609582
542474232
139873656
780579525
193680842
875941618
52772688
286927142
69127164
780587273
279369810
662025158
441346282
120244843
580868035
111314140
883651929
69294680
794761359
390902320
270594417
962250580
354664778
4245607
960457749
294315564
245359521
973202375
723970888
490806411
507170965
441500051
273471810
331001474
571005957
240662770
650647687
546499053
594067870
455256566
682886171
494402790
300777192
95948315
590341367
884059588
633840360
649312169
220821761
298992188
815955369
765959178
279557137
649943794
420740204
435556369
722317989
500167657
169206187
841091439
295112411
485085358
726651853
427659114
479834527
995778020
82397814
139780551
145320559
649358045
7619899
353935324
686967831
470242099
321668871
28417726
567458392
101967607
260968349
745161043
115479603
739055740
259105776
750125884
8670679
314266032
841423661
401323175
301864434
955913352
478049672
747028013
540135084
612838695
796874379
997292505
683630781
552828458
729195107
609519374
644709689
27738138
81342124
644409681
792614717
578080132
339887992
273411127
512367398
853581472
801884592
630796528
627371324
908135257
591786950
993154120
442484634
80192137
893020327
162836069
60299649
166441698
964799999
816610624
114077614
200887277
473632923
188562328
244267882
813361857
672162791
664576160
49691655
39152833
897843838
13497508
555998038
954656711
830979451
465252933
225353235
131287028
164290081
970585285
678621338
778455317
172676442
860520892
170451796
764063286
29186141
449821329
923736187
364204685
340864466
397272785
365690224
517786923
376218048
843666215
528077039
33060818
761233706
158713782
516041770
481045992
643688484
38836975
786817187
318841808
573812262
471424848
957922751
892241417
384927352
941269930
86877085
739840433
405892712
772346826
634096984
421505665
876898226
258562222
328154783
781498965
954294409
550242320
646188561
950632234
533684231
280470386
223388212
281061371
450366002
32127802
553164214
69080005
658102751
298380166
232606070
614737333
246272790
861755893
642270457
784618980
31189214
697466212
376988644
351836165
656177512
467455563
699311180
31643040
371348854
10241898
554206749
708652455
450648618
123396345
458273851
815829534
297071463
160186321
317683687
784601546
253927689
447511606
400350051
892041608
829691520
655967000
68962124
772438121
888890790
764781572
857407222
938380048
864426745
253944555
413830530
584431308
94588151
636014384
178516581
899487378
278061204
753197254
973955843
335866459
480298879
96499752
226848876
861488227
88665863
705136040
889794887
635049568
643785526
469171172
151734851
627074904
99097227
866407688
757072755
995346277
845050713
40312118
213086043
166701843
715055645
434230026
195072541
767982856
346068217
527980387
573556013
634405024
83797578
163294898
641988747
641147482
365672434
325452918
375580823
572305738
336069036
125404796
875898981
247158942
444706717
840423174
