801153830
931816987
328970565
466049779
432733193
771760158
933057575
839081806
573715503
529897139
491000075
210477797
600047212
341337290
424824335
388381020
410606093
52926981
295651644
421651379
480728312
233426017
707006985
188375524
95410971
659199105
600080358
894588982
82484868
221816129
957164038
546189593
191186793
452290664
776108071
270158749
258406028
494281491
513946071
195412208
472869675
445382525
928841073
429942019
28577188
290563368
119595326
839250744
864889974
919174232
401116277
878249316
7138892
464950619
882856097
503017129
192039344
234411376
176217615
62934903
250104179
264988143
607409269
738918680
35214453
799359478
734476076
739853663
426730018
764547147
807386514
826934615
898961784
507979173
189989071
56053028
123293838
474607333
535402530
946662869
78845237
897833091
730994857
175888986
364292378
130028577
60711868
969101811
222473443
980887202
940926184
525159296
772519842
923669978
530042972
241934088
338061860
368399820
544083931
53346417
153082554
733169414
598237510
552171202
959155451
735893267
729665914
744932368
528470817
583286116
974945070
488824987
216900643
825720717
889670002
277877456
903480028
11772972
158469465
595397421
184224503
632197125
954180411
582709722
822781634
249190298
156278276
344886910
504874429
782204560
273578880
219897428
806261191
748559570
162937693
443410084
380900941
613571153
813832595
584076206
524503937
899863334
608530887
800260532
55462443
596102408
833631970
250654521
188848730
212144294
684092454
553094475
456404866
169728363
509834896
636746419
296589966
515586154
883540966
12695942
141556099
536450203
181886282
291196564
732711434
137690176
106886945
822769484
460198483
817716999
7723219
915304736
32407220
625741305
587983065
206716447
668811540
529831473
4059869
955917592
207051875
784576261
624469410
352943452
293669694
155478099
294556429
531883713
826674553
197950187
629977081
705746259
209494391
735448411
219393813
271074359
74956094
337935668
805061529
558374574
11700537
820506663
462060025
993907870
102370669
860157770
65564670
466959358
772313299
774800285
403405229
439364049
718705805
428325068
46106808
324129688
889882185
994065349
803380966
64390624
267374930
42672866
782850813
514525856
990150125
932145021
936463786
343397049
587955918
579300643
572124437
57731546
505741274
763129900
798363068
615984850
841625505
619829522
56187423
697146762
467271906
354820700
991940024
653424511
701615153
568232655
820656878
161956138
358203474
330625844
992226140
340953902
434210651
856495826
436110441
856954009
479642054
793267804
511408377
141074221
69776392
626559245
160643771
5136977
715189956
255054474
766424179
390541368
987545234
568084713
515609992
324494558
345065135
803436305
244465470
203592008
769083689
406755859
76673257
569421674
969464304
486342776
684802005
120845862
954507319
381513689
623929774
771539733
317804496
360870686
268855621
170101905
318597481
330081493
760216561
551768843
143228961
484144499
751528088
798030901
20268869
264933726
142341276
528509459
802125452
406101600
836821772
722543599
715413508
322424037
905575081
456932594
188089015
968660419
253201432
115140442
293490618
460438581
10605892
222230173
612326150
15554939
513266415
52372330
185211936
167729830
249168613
92512049
967275703
346136090
435111672
618532457
936356039
309404266
735190493
430547431
245485665
465360021
769036658
597810015
216901839
887620674
287220895
394523863
265051847
196195976
157878263
414859060
543945202
257843206
44359513
965784813
948387545
645476266
985307228
637549195
598094214
629980917
6194337
469244126
837769891
66129554
800673469
708504451
487998214
335235569
313512418
910639856
41950382
995048913
883631433
483938347
850555003
212716623
175360485
492655986
882875702
193522322
728920118
594261437
642470853
329160637
533186084
338114588
147120776
994689804
345154013
771942082
585010964
877190810
336891503
989527835
802594911
298393155
128745224
210722803
641967044
565751375
796971551
667415418
831737887
243667398
421799664
100689065
664730118
691244299
110321905
162421437
211019313
477510507
566510682
735972121
608095048
546746775
32763362
303021009
37073415
318964548
218881768
451783983
975398738
148174631
895064928
9741761
362525908
30406166
207479551
626935115
822773541
949263072
547624746
402494501
837027419
196301487
59112330
898656213
324105261
515544745
67237964
463124192
766992353
244568479
920399959
12982832
783271207
55369077
685074971
157806655
687587180
914038990
317233724
17773905
964911970
637940745
980379545
93955325
406781546
238895558
254676120
514248038
217670727
556139918
524957851
974895753
640784503
791076918
159737900
59601967
466470563
647733983
417836374
959051902
913309070
79294897
382069890
60988976
373158613
61734870
968699679
11503237
19505120
872115208
56663428
925361255
607150881
307763927
40660571
593494182
758286717
778609792
980147325
786778292
797471535
69480110
452648086
755719981
168680445
479934512
561743310
909419003
272958114
108010905
411513661
155094500
272639728
836253029
448118270
761143796
320721834
504349854
595461589
740383519
326262379
288382673
573212101
212757518
156194040
685393090
473843540
634117121
28338511
211667413
348040234
770340171
911161088
195159959
401813592
855274190
131810992
386734227
84929610
698839673
556760314
938214544
490457758
635248134
865251640
52756578
674230123
865369469
116984681
98938812
862603680
655082325
936865741
676167060
332043518
76867976
962657581
919838049
522194942
985387783
863319623
248030726
460107940
555920126
248721329
89676791
270252689
923070099
450321472
539265241
244416311
619859290
756233413
702359203
638708615
79767978
725641669
537510129
1558364
564965205
948542831
327198954
87909338
264759414
579651466
679830996
250347574
423649528
713257336
913598011
44150917
528772846
332042901
560561658
353832456
40263203
790786117
29491164
787687752
510553411
193978770
301880928
674730703
954362089
908605685
379827551
738761876
363687953
274712983
858301722
149968547
868287601
323213178
230720352
213122820
692759351
53466459
613730815
72400730
806557768
288640249
464843229
837355963
499390692
586035803
735558038
37750294
473127379
650419450
665569098
853768553
767107384
240233482
434365201
335588160
228294919
192509917
324254918
50121506
602525283
533407053
687150854
754095638
645445985
899938970
850082538
626573389
248712075
923538603
51408072
419201495
700794510
592867433
377737341
310348726
783943987
422238019
212164606
154872808
144990003
186979056
139047924
313658172
811967797
818250376
779894414
722567528
347339818
328794616
938456539
115356847
560032488
537100488
726498831
970973996
722816923
840198017
216593649
907765244
791359975
225068698
381209158
225227116
215376009
415546306
783563166
381738887
223876917
11400478
331049818
672357364
110028817
171675022
545258890
395250361
100093943
401923682
698707426
430925719
279954915
70225905
499953870
776774361
160752060
930428948
471780546
164832229
106686066
59814314
797216717
11882758
44040688
10219628
894208335
567371751
873023265
285355387
58261852
298427756
104387114
454674642
246418768
701413024
494371872
834613178
246851721
899787593
451484519
213682330
511471552
114771532
610186474
218139800
120136910
844652191
416785577
289428727
13974259
200035819
30854315
409865643
607363552
966693810
296266185
602253800
412896382
3767668
659655772
28225581
883129280
528878996
995036481
809712090
44677328
534320545
194321393
470697482
306065315
398204358
647560882
548446185
497511954
49009577
34225010
932161260
601500144
59161983
22926415
393110666
833837416
116021869
634482642
92270967
729934691
640473786
268461252
216094489
86671267
545072699
363239394
859551293
19137344
618214740
182026629
3505878
340096787
127024679
615813117
511819576
383335295
642463099
502190189
295036798
173937723
138076648
385373363
854793083
224777548
777724324
528558712
612376589
598654636
308910986
87775739
445500919
404728441
572234348
530424302
924943688
322219509
263333780
40982742
494044577
91262562
61952005
776720538
250698384
864985030
432625234
659751087
199148252
895057681
615974874
165285701
757173128
573490249
983561127
692814080
491073790
958235515
359877318
192510085
293926555
566190725
447679586
963437936
585130969
825639422
937876315
79359911
115824833
852381428
252456062
968864712
279796323
692054109
436714985
227877927
280052181
25025152
518919850
515772742
566233811
345002475
189393875
386286156
614360152
787717359
897939732
777115813
884302068
950769859
456269573
483514554
71730667
830932829
796697030
218398594
849151802
495146272
128555906
99291914
145056496
713130117
877787362
327137311
995538907
810251182
243984686
357049637
750287430
933002151
462361205
934590216
103689443
297847290
811667876
543965574
142736376
653973163
872070187
984708485
30655612
22792578
58632209
407090406
355394210
217558912
598311910
896241545
880113789
3968806
509715054
289901462
566277138
526467604
290543929
781146888
753216951
693932472
711052548
160038362
344410535
712690415
294353189
729863552
918027738
926427002
65391307
207368447
691483114
785893802
180122018
938987563
720120272
154875221
216893162
5267641
337260567
374677116
813672819
848711566
778513482
219623406
688302570
941325174
690963917
931010213
210664497
715097075
972313119
59717081
710605570
903622233
104168583
85023643
532440143
676076904
604290315
8385438
406198202
971160788
57692161
805601016
688230731
85421106
783422920
43483191
489559983
126914560
361670106
328400025
297042948
773800440
424610366
737327534
47707057
804905574
619341102
260521831
650908165
664091673
398269301
813307189
858862091
264272286
489691013
764666196
277872255
190501096
959161061
914318249
629869743
357030878
418832024
823145909
521397965
605284214
104592103
567771910
808357287
13760246
627733046
306557541
114728093
828638254
917763982
388674148
684982641
352705826
744472003
937960421
255829319
16694992
47710680
764752599
217543530
896523992
608407176
265104776
944664070
281286149
886336727
23890803
363329098
913817852
850435333
900295451
152634974
334806713
323718435
802943786
740034337
47354876
28910785
960209964
711045475
225120650
497931436
878816927
238348359
874133965
468416349
66163356
691226194
295635300
406872981
514722951
882049688
341508298
211480772
287201227
365608156
122291105
28861325
581768630
916302144
559469514
254068521
383861922
245035817
36519928
834488150
70597985
9294352
202662113
514289332
561662127
148277986
554552337
950745582
583188302
623018428
480622551
221388884
923274447
941610047
82254914
52373077
383222902
825220193
758720788
186990039
356525075
200393161
462784198
203726620
673653522
570290118
495433246
508606730
434906463
672956458
275424609
704063572
579825384
485273721
26185309
41130271
949379225
290630918
761909727
569254074
833430970
97630546
200413049
778180264
287924353
113647305
520755043
982041975
966479395
425742118
241798728
341914302
924266608
13590931
392453071
356771486
446652523
591372659
726558925
679824177
432074966
140940696
526764377
649747732
348463134
839153314
901432913
512402224
339310895
197676376
318451418
229685186
515233504
639433203
570873963
604942406
969060440
619234876
415627033
377227747
507714672
659865017
892886518
823708814
265699118
277093221
192813960
58379373
477622260
166660511
961102098
96214040
736120874
182693128
375507308
342708456
59303110
734728646
23424159
54895086
138084268
891702503
899735964
482778796
587387886
701735419
504986982
534584919
482572566
650064559
610250494
665898384
16188139
349046619
317411374
963941847
69487135
685104077
772187132
701974132
842355919
292190546
286626341
721865582
95691795
145543664
611583513
718184074
252390412
583253729
420131241
53962374
973854373
152724695
650428102
857492371
586078100
892515008
901888457
350561233
80923541
759418177
638832669
518667668
816982992
357250066
379757861
220196707
553008784
546008087
646524373
550645262
79068106
864651896
573049957
804426667
938938486
630064957
118643961
723335467
445288847
879510358
887169097
468384413
279775355
388109172
42236833
283368756
777935702
356016109
220272735
290807601
52700845
200689851
270661553
322484566
607566818
753878899
833233425
957457587
665978692
940926171
258320434
660002583
702177272
441856644
964311086
480331893
565632463
942547009
257676161
838100353
157900762
524185437
163791144
47359525
860385234
158525697
677846586
462753158
556641924
242118815
408832060
284345877
987328311
71855250
128925174
192335156
411473382
751900954
213589866
641836585
136356392
119451477
507938855
960975480
623084196
865870705
927837841
495234107
321945676
173443466
124027858
925268085
821173
18224989
537226920
368563865
403544733
179579303
606363534
704909943
766251313
482886686
733630100
171689469
875312675
789336794
659968167
202395696
591043944
408785489
740447903
613514737
861935025
869231719
698787130
332719244
96955839
603315495
64718969
82821262
601737505
422916414
504449832
70670971
724346794
133409219
589239152
439620681
905204857
936474553
252388908
499050221
807163589
695801700
390033492
757595511
398980640
387835168
708352878
419036487
415859811
751521255
663638322
742033594
520383572
808239189
859789640
475670041
113110858
434890149
678318908
274831533
449348083
854277145
203338890
993023618
337200440
742987939
12093155
547532747
806151427
300229949
289517266
790422749
229345091
66817667
52618277
624726914
980124975
54046114
242030659
248955709
12026608
530416377
608909086
79143165
854851506
914723052
393574443
927678714
803978746
1331830
875410822
634118476
969853865
800888121
495795087
459896632
982264966
387065368
5986364
131639267
898971485
897232827
812318505
794441364
871336137
599926416
822043643
85252110
385042498
209094178
244454737
559276943
268377368
893720470
269803366
883736936
777737266
335556434
28005847
363111966
257113965
938772732
750065143
390286331
817576648
114505398
883838751
494853997
293486607
716956778
564866979
792787166
268943899
510226980
16215903
480016708
398929607
88039294
917875332
585962428
711229939
64295601
827468457
898134676
165510025
357017049
528585585
116950654
793655852
271271575
739701082
618294541
81698794
641289726
856616437
53136196
749626957
167951043
818856872
814406514
117649528
586002021
353951134
415595914
980136149
218049268
915829985
843250021
978617364
645244563
469999552
201383387
505987191
776560236
208355083
595473533
898169494
379946094
178959760
490600842
797809313
370186211
893769331
728189149
230258643
737343267
640954398
997025122
515558791
735435172
643664341
769001491
43921036
660281634
961879982
55110423
855279464
846736086
894742789
1179617
628734301
589154537
322235632
549358146
809647214
209726359
954845047
849318297
282186208
14041883
59757076
267329029
966433684
169324212
678835637
321142244
643429770
308635954
901702134
12962129
167518294
120061104
249399059
742458907
864442185
924395042
429009166
375679984
207274576
29836159
691004210
387536292
674231578
58988133
321978
35791019
939434605
418821612
126557013
875304037
238460344
520859172
277585366
683728557
67498858
589554034
736923624
638863087
47322616
244454707
321063386
347426250
390560754
788117780
749932674
855016116
448132363
397145081
524247104
1933304
881621419
786193560
232951658
506996305
773493847
931016252
21070377
79104441
151691862
49671766
476083828
970672015
958615808
593767136
771367946
655417500
589186051
105113403
27508015
300901388
754674357
680461443
344408019
495859961
347577403
800785521
165508336
962719212
153896729
869367347
272289457
161359220
928993531
904248587
597810706
11989679
576010685
725278073
815182790
552741190
831251769
763293568
7616777
616689415
640685932
381492946
67108985
419040699
732081432
636309383
376187915
16957593
513700702
866205968
742126706
635562900
120644289
395364808
715016067
984499471
352808788
185026665
106632958
316896587
675909522
456698373
665900633
817523829
371272187
757158799
373825542
283756214
133412109
451984435
260859676
902591704
157585615
987370815
144552692
705326850
847806601
88304406
992557036
467764411
669771101
149577971
428782693
41686931
516623069
869085981
11349609
608248535
943956372
141291432
386937232
644883516
907518117
55713786
877817256
8185321
902699198
663666800
91790022
911959636
597729408
815903009
77386633
234567082
684203536
646556270
322583152
920342578
67229295
274355767
794197197
71092417
374344289
563861289
892014698
390922950
277562067
358018755
915747179
257168462
914461777
622541650
392175986
168693933
161578967
216049052
48266313
371353174
556536713
931400178
641924266
752511970
774073424
632563836
310199096
195721784
825731232
315877924
236135598
780020804
236399099
167808390
411781018
178289163
102806127
279650185
681689741
526473589
915486381
226926663
407294885
657135461
93345774
244730432
883128362
182328405
9550175
989663882
400883023
386814321
949284172
682191426
715561140
196014607
167993351
344091775
169347422
421789779
327465925
13140129
297256329
842521089
81915958
889708970
822707169
236393233
417021317
900147694
609110160
262997113
859059548
84252697
875189442
25978120
666682136
724516052
383314705
274021178
719767046
730579347
354162568
185815856
209464674
582235444
4869905
653731221
890480332
891553986
874450060
287668954
715971460
191793971
643087581
783913605
457752889
658078778
912780905
404504910
841893461
390759318
798591254
964842664
298445884
277948611
344550308
85464108
574842389
169414478
221693895
272587226
828929257
664599599
113781393
919229324
839328556
747560616
471921451
922666553
939420704
335902940
850706231
6159479
410414274
398009982
202810984
106179517
397835133
407830786
732064216
157347558
390313930
447621368
834485377
92613191
56893138
856275875
497130685
825301582
190461829
682622678
393210567
99989902
458619283
820979349
337611623
710263217
713833371
265430966
815903094
466502122
17685844
642035716
137598819
665914805
677537409
344804005
519332472
507524599
478377843
574128694
832293551
142629609
451442322
618298582
124173419
926963939
953940379
868524309
20287565
627177895
693277795
414748606
834066455
647260712
118572027
41718223
378839266
99427104
461093559
634483833
477682113
312322407
425468537
417907600
292567647
986938969
129682531
922323062
232511938
415285661
803690798
861386254
887521443
236689718
108454495
556795127
598462495
965592314
866740289
252159010
213452798
726819171
527927924
656808902
605021847
574235430
695807191
283862252
209368106
334352813
126869267
115251174
933963576
461977235
994666466
463903403
866354171
468131633
139357442
143652735
374341296
24562384
962351748
698895749
262015855
801513775
496924031
270060026
760470719
813751560
124273082
282517428
791541899
191903732
820199771
783865716
234223778
41943922
581830849
295001204
24978477
45402324
924998423
655839389
470173579
310634702
497813674
369520469
706556128
185726021
631653012
948466341
604320228
305358755
625014565
50625078
19073520
269125854
2243612
984152311
693673775
647787062
509463238
744034001
881622459
682380632
510963162
172000200
858280484
396161539
165088275
450849197
748552292
430585792
561666939
651248103
509787649
569704162
754797541
72355331
61895698
201513675
939090188
475699830
351717785
675355713
163572347
198438494
524184802
328189770
55894815
178728760
677538650
167932008
723929230
372053451
974526169
394464700
910300505
288102730
632820450
170590516
374187910
902232098
943670994
386357640
724802320
792394722
711345542
884921423
259688333
153910560
219057181
93642687
10787336
931985050
65888158
310458402
275121788
111852013
95428141
912692189
568685423
40159295
207102478
963630947
250553843
452147751
284974172
513544678
335600819
52215490
969377304
936671406
830413351
207251273
616604711
937284525
236198840
586909015
495627022
515491406
462152979
382072060
203151738
14256497
709482217
756650673
4368365
441679041
730744448
545968575
465960668
171192588
177222378
155905030
914707571
920970405
804480775
80204479
730694806
303510821
12347662
931709427
689898916
689232009
673806797
405841073
801105149
44453551
195448485
548435036
245435253
773662661
435081933
33370089
323015401
339664544
751827514
895946602
600174588
66057008
76615203
980725448
193441229
832413193
179351523
768549105
464345035
785037544
989769287
473789052
526442612
510183120
202600092
819786919
469231443
496382204
433396710
881172050
198075553
44957240
353815800
301820585
461339184
311224336
905302515
922764160
179320540
738997563
973801905
740935566
907185835
656134863
832922797
14563832
736477929
414941958
226608731
789383875
335404728
492856991
276885863
686465833
571887076
708026596
871659487
535842074
303459438
627222548
426526078
270416287
216308220
418160864
318660462
969451252
159747088
257859131
592123192
423101879
407950696
486504163
209897066
242295454
516741873
325448665
36438022
899139057
959948039
58367736
621963805
303183856
943655342
152510187
183942884
726075144
249973251
844810179
477092852
665636430
747053952
580493778
282296739
710707148
395533488
543754561
709354404
975325610
135459615
801046949
574611814
332245299
84024712
604748327
740365979
350679696
609284727
318022928
141994228
24756003
455913347
981896552
420950185
783093188
732380687
624521897
313907792
396261722
85426999
617147070
122429906
919277883
180926392
801639599
613216303
178556121
777905608
721158203
825920197
843686352
225076919
723412941
878466607
247104348
454489001
156961648
301898687
876163216
84654032
456653990
630790061
785221300
26694485
612849042
166690364
814957864
862003353
842282072
903466328
718471754
637211064
143244621
892672406
815239439
256238546
715333467
166747546
307764260
453743465
144665970
324206331
773637189
84128034
555590656
395705393
577502744
286548077
484068826
959932436
675664540
95732221
73792764
124923489
494844774
302467522
758113598
487936295
190148064
823121005
953001873
670499010
534143516
257362064
220882574
748599527
961018396
572650020
549351716
676804349
921394437
617197269
38901887
224704212
95932854
313107545
132102549
302185932
156623195
153964018
277613469
885470544
71810848
729865507
548634422
499819304
911792002
111160533
894533292
806249884
89978516
12036760
633838392
763382630
826305222
427470966
437241157
531860987
404482249
923208203
451289938
814201332
894365801
936058255
493317655
739691912
484456254
685401584
156973371
573454260
8846089
621641707
197551871
716872171
873075855
572991950
140231157
122195283
560164424
953519517
653320338
573546674
84249236
343535207
652446748
203907508
343065528
776876656
193408875
285757980
881157673
7890845
69676882
339005371
63765208
218232912
350412124
461131322
100432883
675970373
643564230
158210797
702539154
714902548
324316897
184953641
354252076
339787719
674455420
873730777
787361069
161391548
637941349
368461336
540730645
986311219
214517536
223760811
571983858
422368673
58450793
574372968
823286564
870224544
659949554
475229638
633489813
715006612
521966267
950985145
996077293
81002043
729036848
287441218
109010583
471664267
275176364
534982873
706887255
377092376
239060948
365989674
479059231
11375965
733611341
921706832
292567650
582054024
159631455
515397784
379711592
938504579
820570747
124909476
505897151
37152787
797857385
731227245
192937484
459080679
242530024
970327199
649615687
310919910
935083104
528220309
558277700
563461900
340660525
315925538
544620247
634529625
617740153
255156353
27124704
618257730
387375896
573317262
400054529
496237033
548061650
378875481
122720976
395306706
291372545
214356360
439856328
561556052
432302824
338974931
505177938
347744746
493048151
105489806
13413751
101795187
69366751
627623247
38314715
877294644
640059588
767787308
616989118
40901757
73891212
463562395
381297007
552999257
457558366
273921644
226607714
947627781
322599311
996329209
309501068
954898824
659427858
321114979
981873280
79820710
420391167
722816064
626089355
168071878
484001093
500141764
836328688
241466736
5121754
101997441
650823287
900020671
121457357
101202314
721805181
156737285
768199265
420605381
757394865
955958370
541901962
167992912
29249318
505654897
923927129
662086554
313910217
779215965
630530513
648331387
850780679
396974295
704469932
367183005
955647457
271110236
826388957
155583313
141153885
202744121
739008672
245592538
616958481
604954982
126559152
378855188
201337200
131031612
167692533
769456510
692000772
151468363
987210744
734274969
571163916
774832408
362372933
371978341
6324922
245296657
537022670
320964118
184686177
371153132
192218950
607897725
105964889
233394995
295168891
483740435
477695394
266620674
376672834
444138280
426791726
853865231
680143716
439391336
965347176
970149351
191673381
684353324
969737391
385480466
594178608
849892875
235773800
784598335
947735431
602752660
616455341
895251539
267081626
52148864
264912707
723963934
436894933
559574218
101520688
969687638
134136609
145280715
734226187
142821680
168484693
487599544
577658620
937790212
5680239
511101348
224501085
379534979
294790190
686545805
759597160
27633825
249675504
168124346
974446025
829001600
873190877
535880904
866566679
720342840
831005029
762259599
290452140
311120633
980626560
160779336
537538393
395348842
17107099
829525870
727262972
434348411
844616792
925167570
413603358
332420888
234399068
491440948
435449889
556987680
52074038
424390810
194768076
967465675
615425832
895364353
118105955
809623636
85120052
281618747
285464100
314956132
517510444
629768144
72549970
25205502
147721452
254468603
262870826
918833074
741588988
130020497
656967036
455281603
806696436
483070337
871943189
947316666
302730735
229877105
379937145
535102895
556935630
707658100
94632353
199306720
728346587
134618286
434375923
901218559
790535157
635737043
713654119
956255648
785338048
938916930
642814408
7065885
264460022
666156816
834196952
930443108
286024725
979992775
309804295
552527533
332560586
232520098
915544734
478972353
277091318
836796827
675759150
584714164
180738141
63055429
459321252
99187638
322157929
875891567
323586141
262203331
578946196
890483496
653367495
831756084
136443263
562109235
674395546
72838274
139750706
232253748
82002419
129045382
42676944
729544863
583619472
720003818
433577912
82425727
807251819
550935018
185614086
419272458
645792318
432933819
770226257
391458346
451119699
273813273
237038769
314673214
234293653
108089055
835386885
861076719
739076508
382142036
825865812
727764440
140462144
722847045
570064225
10653321
384627143
174157461
611415291
708764014
762051875
166072523
278480691
388919555
514794926
162200847
385659363
815480788
286915993
687538778
645506311
719968879
594458088
183964443
92312832
311700100
566721071
24217472
915646280
181655066
157032217
422898573
129608195
488395945
967885775
335357417
86974936
32690430
183384020
855842293
868422167
263543040
646238529
423910895
132437750
459348130
111342749
703411694
31365016
472200615
661928977
755244556
402709092
275970261
922264270
166068840
211376235
33876141
624821149
849278653
504708214
994235140
211061988
459385020
518868024
846522309
393539451
112669980
630862026
738264926
559854897
150328348
358780838
525578919
21134776
847690191
301430102
222145158
193046484
229798884
587786858
25394231
681581680
862245347
132602461
974755069
799754822
768596827
165506642
802940008
152358259
775159331
634981102
221262986
383116325
406166421
9086504
381923463
645507101
488300584
408813818
927547887
191741715
259269597
989783080
31035581
778361280
164951107
805064661
180997470
697569026
529259918
656703451
968605719
37454242
695115664
674438620
439625627
262583087
568737110
14084
602329036
831656390
37123738
578491410
862989122
813539910
180376670
408343135
256177091
11313267
825223978
105421191
731628914
483822770
567113515
803146959
379271074
443502191
85413741
619953283
759298338
789221267
100963006
177382668
395968156
971284782
50486862
861541673
237953879
162263318
655585727
808184167
743480359
45708319
195296847
997450054
745293730
180430559
611165434
412388131
827682100
255753848
176556480
65320978
679408194
716889504
955382577
902103154
529203591
405156676
738472886
48255561
633438810
325109339
525298598
398500836
715351074
624312810
973611165
189248929
591990930
298888689
543567487
673917063
276074217
845966142
84434935
964550646
955309756
533193080
148234082
78410691
789359124
382974845
823252413
727485504
256338815
247566324
790394038
54510713
193021429
769919982
289557978
511648415
226331105
70669404
402798219
556228523
799783300
839094488
121338356
568879446
422800890
390955580
748949221
263558368
451841575
920855974
630196535
800575708
141824754
644700342
382145395
475304655
187530214
689363395
16066439
371750313
203490959
697888103
673422170
288311800
995400722
147965609
891091715
254775965
759812114
757860524
837287243
795529205
400976953
604710236
295682048
161497704
779581051
396299049
649267857
799543688
527478172
864821819
537496209
104795289
775508001
906793087
86554275
885534885
217109510
891750458
988279073
846819941
875439928
668997207
862199743
158415927
625986052
839789797
314487665
578795183
830305198
844987843
195987051
358389870
76723118
345590747
886221223
778850611
366732627
888778537
302219996
529025719
10997059
551092948
271546619
589703193
738620619
581885067
712760264
713802759
887195451
117222621
231708558
567710923
45572587
968007643
816620002
331515754
830786950
286306564
38848761
301511653
812796030
491721131
177841213
925612269
451219846
335487239
129940119
567279915
248995867
840086348
639991
139392421
106099484
409021837
545899039
129010003
69577732
836305116
731331104
919808587
694296690
679387325
390108249
683383839
901075796
926403796
720663838
699141953
10712074
403691456
726049107
386793265
42212911
451903528
287949060
814395104
950540875
583895836
210461144
791813892
930502305
419657622
845634106
712680317
623705211
848116680
940998688
210617638
794085975
66715892
113221288
288327756
512004215
42524570
871617157
968257798
68944402
823559410
721572305
691971719
460693212
897089197
696918291
103882403
811758199
95961620
848216799
876656825
311073811
252667390
504751596
872046889
795666586
825250569
709969581
191785710
965732692
824305166
435907411
967174554
258329958
885494138
374988804
284854608
13153284
997685
986675253
245792826
49910375
239440461
677678863
544158795
632524940
668981742
553624780
890047362
245777660
2592137
659045649
128835087
387724106
868730749
420795342
156089532
201816882
221529305
994973797
262476214
687790595
87756866
385814560
293975610
865102511
670852066
456391184
219200680
29983759
997518166
209762343
10234907
365955567
819899274
565498494
359581996
355651735
257643492
723459003
560019380
168766682
895841318
445589609
555568032
632194159
369225708
405682983
621218534
847319548
2235070
968168051
19018286
479435367
957638561
680151929
526955217
66437341
379526386
713004835
758999845
568012799
935365317
648885069
976681623
357628235
595652660
440086325
804252970
678432395
408215975
230068740
676676611
96896198
416019743
746171439
18656763
255941636
47132785
746323110
699698165
743763310
734854889
233123410
354942280
722513752
144718879
502820798
679909900
762158819
450214109
943354393
389161782
854604329
950362797
330021068
240777897
100582444
962037494
224444049
13469490
862527970
703555719
476511597
71604460
75746906
930559319
609138030
339141494
272144142
885555228
598127612
387007239
199426135
441777666
808786087
25377874
109822771
404398510
222744280
585668737
182000040
922397150
587071910
894865888
728059921
984528531
320772855
396793933
272592142
990945087
879617132
874761409
635395415
288238681
697813829
882728096
482340916
86136840
521750499
609668525
405251477
780826818
591158780
99468954
960913191
101996650
779815311
8088787
503747480
580719963
994874988
357401783
983108326
352757235
265230097
873646034
295926062
732743317
761196146
838654715
480530165
443190712
380258478
695863122
253918776
302392184
45828743
21881150
239429917
631309772
291907865
732036744
257057148
968025038
198833193
248757931
837860273
652352036
416443971
202562011
666132415
21318862
73935738
109093463
528389214
328519733
315125853
581495441
397619027
504598750
992099392
166972640
211213073
675152077
550228801
345209263
114704007
644004742
208075780
486616076
22722287
440770646
716404159
895747773
624835751
42509190
21599883
694669682
169683690
706556233
435684246
39658684
439809422
551851366
693105494
320358509
564129701
640620925
959578112
765666069
355745259
275979681
199862906
941112131
977520212
542108137
406080059
655901098
232939440
387266302
987722627
101909279
969530768
517337689
580329497
626075105
55466664
307756549
815655592
732687382
742156902
875045881
119582948
563237301
110700570
460653059
710659957
781280032
836607852
795081756
245376573
730140853
342751326
404589443
991003902
477780880
485771588
575268971
375576620
790041301
323519361
470820997
210202303
379020591
985894920
646858766
18899041
241798937
673096907
746828739
944377926
688779656
996287254
350079597
381802554
257084978
640630670
67329001
478554154
23988330
764120567
414268246
43861071
929139127
125306052
838381335
628555999
296820195
19878519
32199058
346508828
965323019
983351275
365049331
426501966
116047642
165214938
284761839
23634121
423110121
200689891
939485653
496563635
679241179
897584249
898748800
96966909
121374183
276989709
829434284
289770434
588929789
960339915
545780041
591839685
669674746
600316714
209553772
841284778
453841095
278277458
549462736
167887902
392042151
90223462
585599126
441003206
277387149
138827010
629173825
682682097
69561637
1705246
519984502
650262263
472010199
351158450
974151603
587382418
738442177
796483395
176139447
831379774
842892464
274234734
333313151
496179009
89585725
550009706
679723397
654784403
377332288
327840593
436649162
784405984
125169288
279216761
867577876
180151717
345490163
616302037
310803027
375776037
166734396
610417952
571287944
948189835
641979535
763333340
391780314
909428625
572197984
777246567
357015337
390553317
539204463
898096403
950705601
618069706
482752939
911406159
44099568
460256297
149414826
187652165
732355625
180737600
906204117
850763778
489588403
472936858
955458747
981241527
257204382
833183789
557030762
991816005
441949527
552356821
700693991
615593416
752680681
948714408
280839218
236037112
866701249
701986051
790011361
480734251
795773577
574825705
809749855
269595606
229783914
225569743
555498695
243532072
754579275
562566143
25379984
452666373
287177082
615384065
786043479
541751235
611936749
812583257
212481969
180006837
681251068
412393604
410618769
535492843
385187983
892041487
161343127
465891116
675983743
254108894
375306693
439316943
534369689
665429141
603165552
856375377
885133340
987351685
303920607
251454825
330503679
771085713
988192327
501745543
337469755
424276468
283428099
28123718
534759152
871883350
65025575
677680850
143157394
485077250
616466058
980073049
778390035
902578545
853850276
919882225
654086163
925588130
336243676
688097563
754887399
876877253
554985925
793776480
381342478
296516307
626007191
771241502
568180071
66379927
349261983
989258989
189069480
566683116
806582497
207313716
109701339
795424615
318902392
616568118
309218611
253594358
16147933
590718239
466786104
640397807
804844587
262803180
306046790
86064691
580015412
913746646
831824876
699586810
571605597
170766631
475598333
878646656
429731483
769031683
982500547
305519271
412470848
604890359
555834968
640135765
923985302
573826583
764073079
505021181
19997921
405852698
192299657
255689602
244550973
188589993
129007649
814013690
196341887
24086756
852195321
224485815
244829870
736357852
894667450
964435097
562346458
535332761
698443326
376559657
935442817
426685750
741735238
578542
375664823
577157372
243513171
400169328
768588938
485384450
359996273
770604344
502377625
978926431
362380387
299145397
98861423
820383485
898003946
118264875
302441064
227989640
304760443
616149961
562414849
15157715
565695779
560018066
730090095
213808011
516779984
869695647
841975755
706894194
403827650
145694802
698425233
388605058
33018107
591926109
933960577
116380581
436032014
794177386
779026806
800474395
381147645
122643497
555580064
24903147
106979132
183595511
839856357
98520211
704474954
964371532
295592176
514351731
92593357
545019043
334305225
894090795
566865017
964933246
812214648
135630276
938288403
859557928
582978225
723255656
533697446
517043006
627269034
967752115
363783970
969878237
546834912
439903832
334969064
716844207
879139651
428128166
369943965
261818474
808321087
673210565
827801481
898997776
929877980
792838938
507768124
481160154
901766495
667710982
307197764
266890203
887439628
690767497
629459023
98594391
820210931
547120164
221474097
33887490
941082351
330170354
7296303
758079646
677349091
211085634
770402905
500534227
33821976
765339445
196920708
165418666
677255436
595015329
989472906
618497948
820601749
268595489
817534610
313116396
431920278
669846965
153146085
478782486
104674306
943916913
442128177
638831233
747852769
694558514
181420618
306659222
347975638
775360756
295457894
579982726
305965439
224905675
311914164
88673622
919335326
179405682
351135079
450121442
563588868
313994287
930543074
704416698
402628526
938864385
909676831
474454499
656487730
204110324
815392549
649986729
699162633
927468127
539653202
255967162
383089330
786081213
560375911
66553347
601798931
599225288
798425810
944236287
508752196
552460394
333112567
909074537
49366852
908370316
881211978
93586564
220865045
851759814
146594593
175036243
36667899
271128005
612348199
876999623
695035486
6728080
928278683
73763222
119863776
479003218
204179649
156317244
198721191
310496548
304778469
664624355
296237604
532585729
634852562
773682658
328570721
919311849
198543060
91676724
193043190
801412666
923402327
795789338
984015759
132862823
812363431
79622379
148544830
363283673
716249566
711368464
996959307
865993815
975707171
613160192
752899592
544915673
265332487
422954549
61269203
392372387
743975387
461292214
158286863
71080017
888724362
133119729
71607166
299459638
112798713
621142097
201292863
894400766
464530318
84538842
618161344
51121803
357743050
463358832
109622353
663681398
619337386
753079229
104255533
121979849
893040813
556136070
412312283
54699395
866664146
220439775
659723169
167331187
852715157
465455260
844813734
91155696
214198874
469426073
796313331
89105421
144607166
800553277
205125198
614386609
532550469
430812462
888094507
562919606
711972607
152026969
289170929
474716113
704861109
887442628
122213448
123346327
740630200
47980303
182886119
306835631
142357985
434473990
50108318
664625757
1352229
173594820
710860385
320472291
613163117
300824328
170685436
593546045
644586348
486909232
540901385
93084249
936221578
323296010
613462712
641550123
958502911
917079651
973636273
82362586
194083651
371830768
114118978
670205101
767007485
702382411
956272146
186665227
576402274
763273293
502206259
940889612
230115789
866877972
705987440
440194787
964855795
229561413
73900411
212845203
740948132
737195851
467126046
596848596
219873285
89794117
332979386
162895911
829068987
575321920
65320461
682695691
445398314
822253324
773795933
474577761
601697073
969641530
15817559
400587872
644021347
588173798
334628173
312429706
245009395
590263418
823398428
413567771
119526229
714046108
947299346
636102373
161424553
925824927
460346223
453122942
489537146
840324167
778473575
7573672
636424731
909766041
538255875
687530306
590054230
520224925
747534531
484273946
361862717
165901756
80858701
797453072
286416341
279684058
888365081
769533064
564472036
86292552
640363963
781996572
553328095
470168866
516327725
887480829
384155285
739621994
23568872
799351123
509405620
715751809
4949298
266384865
124855441
883839575
732451108
164576547
718178413
316129564
981714316
747627739
511302612
369141936
223922623
735380604
846837456
319404307
873738132
552098457
429042495
822514604
333736263
409257058
939592569
228735257
566643971
469203405
505151037
911385053
64278377
544178759
922942882
930687978
682774431
623250802
163447499
53350173
654503947
688384297
955203767
82070509
563240018
641736238
892958070
823913511
728360342
146123094
504390767
185479199
681256963
379578090
772045931
32560049
990680354
305286433
626878762
426370108
44526638
927563738
854004707
794027633
679948345
458401441
662538189
510188492
926777304
421344060
630189752
534561114
464103752
276721816
542302559
665493044
246225493
529054642
167030450
76751240
646744327
149862204
104228906
610750986
499903685
825792504
894402854
615560737
748754119
661515486
128775532
995520718
353418292
180447280
117753894
21931097
318869773
388972501
339985404
556472487
22754818
613045275
502774638
589017817
960703677
684655919
548033805
789611429
16009610
482992943
809729707
509613851
981574354
241759274
679813846
447891245
614015465
325283863
958607937
616388516
721401642
240193148
377828368
167853276
861447600
889353496
