303622771
531474211
663196105
747254066
653592897
745335914
99667058
401303934
189876427
227177873
850500361
277698836
413982106
100248810
484302858
694094012
355145007
744893278
218065463
184850107
364230111
921738479
749859608
348625071
964270537
721290705
247260223
673891044
608474124
310943246
985553834
728339047
77088527
291946187
696174261
283356289
253491517
204303143
361987746
737654708
828119977
341095100
65199220
18258662
630906948
663527707
297171875
924449961
461955056
18556634
996018748
944582406
463595467
100095100
962445632
114699963
735123435
168713002
550387898
544418823
462595840
465984705
122680839
457210103
328432019
94656523
498393075
787390484
185441923
939891602
809369644
725840509
816449552
985606270
65106353
26980642
156183443
322439186
800340452
673647931
121841066
217087590
135764832
805344369
634905122
71828379
856537954
650835895
911963225
475193667
856119148
337873223
945676793
335753206
616968250
766429916
14903921
334154715
437576796
777241647
702676561
32052827
829327502
589435723
12318960
263147943
137775326
215301015
894512196
104793245
873735243
778225976
723598843
142797236
562784198
281942846
649688425
148178612
209494684
736950227
355687776
670767345
619867689
420955908
44250676
647639334
704279706
808091958
978682708
774109513
489282970
63365146
857599174
912480486
585614963
219910975
314485307
844622427
41477801
481669055
703597086
424014115
624403472
902181295
100786105
250694814
661980106
469705193
244174113
147564547
598181699
496245700
741056945
725300122
322513050
575088870
97215089
448767677
941902218
812115059
732445020
152200254
594897927
243336311
72340065
756208756
651765671
717347802
640051002
458034237
153732922
247412206
388265708
411019074
803743076
542422409
635685656
634162352
282572761
568685328
440032329
896965694
659269826
234617719
480716307
993806979
694258345
689167965
196879044
482238578
358792794
502385984
151668026
336612121
440058007
336525549
528105988
835051533
757245643
311599764
111311712
583302898
938892928
978951907
339581360
42122391
425335381
83285659
155359530
818204868
191038720
309098429
824477149
131467388
955244902
671641896
389929898
531881544
697930932
549651397
625787199
953154789
713786694
550546338
42853857
660893754
720594785
418429075
230896037
855464429
327036378
227757310
8005274
289418868
735580857
79992298
223430524
365076353
880887015
738014968
4268066
362209324
119123638
696455301
130387952
463568690
34101042
380439188
900561693
637436213
361378909
872793595
994994291
75807634
160815026
80107319
564273375
218774797
843084651
807176423
303118707
343133605
200184207
767517431
910087321
219172500
906024344
627023165
912960497
357306436
742858170
534302490
437236242
299661039
56407430
957629303
852645486
506696270
504220040
938941672
112029579
422376089
246550660
642775847
941313561
538517365
6499390
268835912
40562290
565950178
73257313
653007699
261780489
774152799
615020396
771015718
685904575
612887243
667732558
194908908
577752442
914865778
702214789
689797878
359908862
790730507
99748564
134100224
388038090
173681883
546804889
660646153
292141679
973087504
318052429
50296900
663932339
974299776
378044316
938327900
743912733
555132951
737256210
562594683
59434341
61983613
3493895
438972533
176036831
229619067
435122227
889116615
466783685
534468927
613072393
665200983
585055316
202810724
279487784
28120868
297154089
149906607
681010236
223214252
405276005
404218469
779387256
933324348
221140147
340998541
410292603
477293377
873819584
469042455
886249420
73664773
809624847
873489087
607064356
239640041
662287484
738200656
790477731
593261584
231723043
587197759
162320032
494359823
490230176
9277519
44194099
164669223
90999437
272341632
649449319
399382071
274106610
793395265
246030681
989959470
84151130
292374884
186998504
386710931
755205640
166920054
732715977
242132187
867628008
193310717
673518500
475798651
884330229
453615911
877094716
452916193
840818679
756989258
140376949
270294421
597582656
489013364
149165869
744854686
722730041
755948202
151173802
722798365
953800512
377992969
952384308
561316685
434214184
67520456
876210060
90883755
724429046
873586205
994530735
292165466
772851665
171817735
453923612
918416104
923422280
373671095
835802576
788269690
284145048
750962803
29509612
842471285
626549631
887846946
588064100
705543748
400792353
256176980
538874103
11388719
375279182
99340132
118296812
551105951
320515377
582271130
496765358
5517606
43046027
40705800
890815821
529342586
873086847
973405863
867150023
655001289
954780334
814444579
87820819
483355178
321076572
135016409
558190891
862778511
908930933
775249021
997035052
576005527
762483147
965811384
470440791
201173
781508042
483966555
425647617
775847436
418618697
369556420
34924618
663472489
612958505
335351563
261840290
916992567
312377489
26933448
337113132
626871861
666468194
850189605
922015078
63958163
696190208
609043897
733214179
650380389
743176256
650715711
24645284
193109010
414201898
477265120
830047774
147630847
260993517
384302090
869595331
823182330
699405823
499072689
64811279
786821813
129758942
507228964
960782133
693868637
803748969
792487804
795443653
951366098
191994499
715812236
215090080
178783311
516788537
138818923
293947666
949692366
373344828
708201877
342513770
705943946
660052570
109491718
784846887
634880295
792328928
46557163
966995786
915459369
754447208
735107180
459178687
422846019
217594597
425635971
122346408
699056738
12486868
156153150
782780206
756907829
726962121
924354387
299157465
918166700
335435393
89894264
221431348
943824809
671693668
878577139
799759338
188095173
719521766
985011709
648144350
804113622
486985195
63091033
16237026
710469254
596011093
132837080
951805131
13348793
125569122
709498566
956513193
523535854
343752335
623154567
133458813
677335746
560383882
208214676
397390755
881567621
352029885
421564212
748200912
893406792
229545368
604044880
23184265
901191786
593153025
229110090
567351184
152620545
144089752
829163691
612117822
608681981
913995969
529814085
935600524
557247192
465651716
122560995
564807648
526061213
40276445
244627372
772257783
822746353
6367433
888550065
431200430
326190560
230126652
932440233
638991920
808897863
484461759
804194621
445779948
487604455
387280653
256020212
18654044
44139648
912047443
270926694
555795434
951524565
887718287
625788106
391341849
179566066
260559441
669224756
812318847
895152235
231523096
323897127
4371865
571356290
883491335
464933337
632845003
798053436
386978422
594963737
792474201
190265918
496507724
980894197
997571611
645533650
368510865
99238307
199353026
874583022
349947359
250764511
637711184
39322330
126132132
190619915
105196191
986081426
617164056
99577673
578061993
337857117
65061313
855729619
805375781
563387944
378117409
992973866
390594689
497430992
653442963
508279282
370566003
674954180
582407944
931725843
151569022
167854705
514239732
776793302
316788168
688771437
894287182
146905960
504242203
732343195
180844893
695421879
644147302
147628271
383661555
473938482
200649657
67056308
327780801
822596375
298998407
646824976
467962882
703893448
571754685
623615438
721232062
728075471
326505619
547132769
140138696
206782992
332127383
707024724
825188339
85715350
142766879
487909016
737524034
840653205
678328829
251928735
44325001
514855657
600693
270744329
69096211
35124735
414671345
598637382
850554979
486516259
348879955
597453174
670332441
326304912
244570970
451223018
939121582
543047072
531183397
495293390
973716074
361125444
288575633
834272001
334374722
49924778
381934506
513005427
570294233
795455186
721524038
973165862
984374736
731398148
752472880
628581121
500585248
202211876
22894666
501392354
59800690
426984753
228626491
374815857
580241186
957046851
811527557
758387220
223732093
63774675
946194263
520116222
212508465
986851014
702670333
944204962
609150799
181262227
790051469
192710784
446655807
614383568
532500267
552384407
281360745
936490466
330267522
734677705
14614657
625796341
6250676
693602662
365036791
147419292
835012701
789245720
599838909
293118
430747276
525778737
710825497
611068921
387228000
751714294
798779414
429689239
402555972
838596730
856864238
406741702
30663409
199239000
510767561
304372889
734203130
602644932
4240229
739922710
898417973
498280809
941405875
577301218
37135462
400886077
31655206
338836024
20367499
405050335
965555859
289072745
838205319
801689067
907327918
152291876
950083577
300456558
852093731
908284042
687384233
187853974
958202467
422574277
437501424
20066483
945006417
830845989
285565482
10289
568746959
384701496
21973108
738649130
657129097
230708385
365983289
236242049
197902611
853303437
708034903
134513305
60411836
473646896
88695263
896293685
546756779
635875858
509722912
993435897
744385922
93192901
215693298
208939107
693310352
183762382
882798216
747680823
917589774
382925809
181942448
697556534
630614039
871363960
46421953
217549330
251826308
589823850
467846743
559938855
696215973
712675170
478048166
739985471
85832586
86133409
505826846
474093181
344398893
427974278
334904166
131556529
539482461
734663133
899642607
338008172
596460494
692724578
980695834
355449861
628124698
224218095
989186204
751319351
697923745
879364577
283277197
761978925
628187115
202705533
858440888
854857556
432527231
75709961
95819942
967047455
295980712
8603134
232610978
117601529
120589409
193704142
104984002
738798978
391197039
791328700
74796805
871107812
734177636
104132565
499065210
37567139
160686664
793704365
330864332
279169384
395678197
360386650
728502006
118048805
285005423
773546642
775430209
608110457
804843402
646075305
82139264
153627979
91669926
500060456
127901188
680006231
339143809
561173922
778132414
864932739
594864347
114828793
964777421
864704200
671623073
329589132
990368212
271797643
673402511
51910984
957014113
722545163
654820729
940860441
890679700
665721064
415547145
679557099
575058570
996473967
261728595
577068202
686453725
418326823
83745409
305700545
64850643
169971970
820487767
492508534
401836928
118332186
141422805
547113956
353372641
548757298
401990139
666451470
569842137
984802921
842856581
648164161
804478198
359052133
141519319
816018855
56070283
993987914
585447596
485481864
851394382
291585624
837035623
582752573
401265438
208265069
871174686
395506725
480928085
778780670
120987295
472295163
630553113
624527968
649455855
279787648
5731743
203166788
431611643
558840732
989879957
434262716
962005022
574600610
564404347
142797269
72859763
906767363
827755017
597292950
798241343
10773526
343508233
801175261
274917474
32058124
39246535
887520690
233054129
215542454
616090524
573727762
881398813
417598454
118795424
595068078
602506548
261268383
239696913
289659934
901875164
958393612
869284140
239227827
604497337
384277355
924293298
898520766
329972073
433022685
930432953
473237692
739292117
211216767
730463947
158241901
162701772
511450170
57988619
91655497
251458935
539104610
396104775
115043133
98396214
562729881
223754302
233912720
516181873
252692169
672254636
466086526
785172158
861270461
217136135
823006419
926100663
860759766
902635694
42684303
117531882
289962451
490980784
217593917
734152135
371210784
633870954
321333838
938415219
275132270
673083403
920700884
117197733
884085970
496394670
994174332
770987703
398154547
356991602
761498060
884812162
915411334
397540513
179964094
379663769
7771013
805706401
395291572
786010180
126471408
339536602
591543816
979022690
888412826
17592506
174302395
376064741
933356092
717251534
265288093
955580711
253754808
413429
910248619
290580461
23686480
166639177
78516890
154364252
302369489
676542857
661332288
536093355
265451020
871446237
894631112
135395449
355134893
414425805
469723111
184020074
247088586
505475328
545002010
387871639
282643542
811877386
574824831
403580384
206882408
70885365
360821848
286267490
922830177
212146252
92521784
894071557
993683024
55056510
507457424
575209956
53487767
570635658
860995063
741365215
810802435
611863732
234150577
289558154
446737681
665276424
13020859
974076830
689462491
269825713
377817448
634088471
403508978
730350312
711951356
697992619
612799085
292674798
711100390
870976574
906066683
863569167
84077275
458907796
302431672
953248414
849173415
819049352
525596893
455231199
764736808
776915013
983950140
60347042
282765186
822121577
119069083
171523880
679466632
742998931
608096310
745161472
356485543
719230699
185814117
389851055
356117182
432148040
258939697
468471314
612252087
419356888
651099980
489142580
812863926
145942296
958713799
609216090
915427826
641800178
254326354
472689257
718537845
544776305
680197335
469128388
279258482
340149276
317840539
811939305
87141707
206775207
875903692
985345327
38792671
747644866
878254203
633305441
787817444
276298660
765905318
367197806
549898903
90467359
181953476
869930593
506973574
316327938
880324930
137498961
356670212
46892295
109380844
777511081
882506856
954129397
379723696
10452346
424953367
236498613
342248313
99217984
725046928
392944376
80553789
700614102
988495182
96239681
340395182
293781340
554989861
408888645
859834349
880555754
553415425
319600644
639591122
698953143
614912491
405096429
137133135
80845952
185188799
6404395
316421824
481038545
374237604
647870045
100605521
674154401
684782181
847468653
348574321
267426807
135556387
846422988
908138636
120351805
534500233
240366107
877770061
258249251
370706304
193415348
524908703
521750549
395776978
530361807
804136442
353094756
888392528
843535953
793690948
881092782
754565092
276563011
701968763
80509691
970409016
402963084
647696674
918023418
683724116
88994275
536561623
457752528
553570421
790611855
553227080
990274541
705291153
264544306
936992417
110668920
284633269
630510806
983808069
950062294
696589478
129251998
421795321
517885960
144289298
817724473
545067248
954915030
754923227
718696018
511475649
594725765
642387555
786646706
407371826
200786382
703757408
826836623
21500286
808248541
710447612
317703765
402300376
483494462
127119736
200332155
473022798
36343836
139898025
255044185
409470085
837529926
720108922
966571832
872172390
499294886
256866844
863159693
567327354
217367506
187247978
874687941
735563096
357407060
507123843
102902212
341622687
487188229
21873309
394646007
224230646
408516084
340473188
671494242
103186586
712535993
61061930
253184637
865038839
805701899
803232358
376795182
691464067
100561337
311178637
227292798
973441983
855847208
437880832
114553542
558148431
532274389
73461220
153880311
1067921
260911643
397831225
616894144
195522825
27993824
432892613
525884569
404279957
119825738
155475419
261602918
948788748
427387097
406869460
206661895
619643706
790651848
917017686
186998613
732049501
457336802
81335240
301224326
456370994
814783119
900486427
831468537
150841003
628589258
813390042
407296507
809221265
403686890
517443245
334210732
956312069
963668066
415800891
409447774
825937495
569551260
231357348
534108351
604612636
531966361
678383196
943453035
604308478
175579766
554900476
175003392
277496816
511598286
101217858
158846111
180636087
11161140
633014483
324567797
846471548
827327535
125885035
381150930
382576804
387018282
651148744
313082589
435069136
603894525
50555309
343975519
783495990
407924095
835353971
831435156
886597591
646023914
117096386
899046860
880508735
962502546
931996222
776775805
490280601
1686864
267243393
387767187
56375900
395795067
851948216
278029791
398713596
461679124
280417516
530156010
579209221
506275763
438929540
961360221
938173218
95768291
581733490
422876064
625295373
485448898
453035910
773906970
539765043
171641464
236595783
239398361
872214902
483960908
208134481
221371350
157424550
11522390
181458238
382375980
83042815
195910371
1891828
544014995
253577672
995292309
405893044
833496748
949673879
510927394
861342151
666208991
759228228
123384827
853487016
604682065
264618910
922156753
464014554
85308736
551607390
908043135
868922189
990036865
814189737
145913955
693055308
706592130
539920784
216228273
421152606
665620462
727637721
179563247
612625412
913179057
353605429
741551737
240994947
853620857
835039655
354627209
108741546
84228239
402293615
718457162
926332629
357012747
327328301
228527157
582356752
449235839
477977283
568612151
501228584
669772003
638634391
444113914
778109278
899563271
974572007
532095107
309594635
575077641
749706354
850144791
738026297
925869609
549123698
42788454
337784182
966083122
262711140
79295173
243136543
230809347
935622838
113022706
983788750
477312207
51239411
470207691
281503034
966914482
483668436
814124946
557263155
207336352
265717822
588158793
10416171
713990080
158812307
858006743
57965309
18271807
541157355
24404324
799635362
840733697
392437494
540674997
430871744
211456149
611515524
851799312
143049176
148571048
19211854
869176389
907721058
585758893
952593905
843546840
733823653
1101165
786138639
36250111
311351619
61451616
39380518
475684226
776785488
933212822
208916503
714442121
244306793
63372319
890662810
601891420
92653736
770985210
30786014
261206387
521508231
338246854
193816986
957426986
689137127
815343483
16223451
400386098
953397706
483932219
72254067
369452900
503471325
926212936
411364200
457808871
576971715
202495208
321800740
795273025
766345173
545130159
286169312
869884949
310518893
770496046
672430737
368085623
881274921
602877817
314901462
796570746
572609017
432053448
286907077
78812918
29664597
338135478
561417899
698001344
457338956
226154332
605020150
611012347
874989371
991532682
596053848
18396877
528666348
123398834
534123351
805534305
419972342
7161137
457330210
389073263
510283381
205142015
218494558
651869315
951584096
409537075
924493896
142222978
37606790
935422502
898266895
299632435
233512184
199809672
923785623
843696430
263167801
176501324
393585531
901978541
627353304
831214523
220863146
207646725
400242160
624356749
270310900
628136202
279990724
521621196
454003083
611955494
322497811
579265679
585913081
506408132
365748588
567138974
746047301
480277335
808837251
335238100
705393649
262421144
97873333
992321754
221654076
442740157
854767221
586530716
450106499
311674897
951403489
398190568
873368445
244150419
296626906
891742997
479156746
903407445
822868308
397129397
139123991
714525936
467482307
372571518
148991025
924783839
737027135
930061860
403736581
194706572
871494148
307636409
763932872
985802039
301274209
326135868
264718756
219477350
51765167
956559109
935456077
44388021
657937413
215442944
518042179
657333755
608547519
831984061
845701384
508459684
787492104
166242893
482610237
52184773
794203056
712237513
447923060
197454521
607804
971778341
918775940
921636691
578152083
977121193
343060110
984662235
916042548
682207614
560491243
950224440
545365611
523568474
148711515
830640732
596626999
683655843
64061054
52469150
852707548
600171133
779112170
168884091
166796646
657258097
789092499
408120163
301691566
773955896
385187505
271613415
943564309
521297944
509946589
365462612
79884247
615639498
982704475
623950626
617222707
983919021
595546097
991482857
974133809
199842296
689902568
855702096
277405811
25290535
388839559
566876949
308626767
300810155
575300047
470466696
659577020
498485545
231128046
239218210
147759593
3894673
741237101
760388139
634463876
822360993
206055792
11476540
806605749
903531693
782095552
450898916
57279710
231277595
880322355
195176293
429994315
419966510
759764450
30084666
232375629
399742471
857583018
954540515
995090411
483219426
918038566
197291697
652496898
346840927
449259922
589459187
576789184
558131670
31259476
445202596
53345352
927314771
732467023
822582589
634321838
101240605
43840744
260177737
73945447
474299099
965940804
945194055
746984183
387146720
696623254
748066983
765607007
805626121
180800758
75392360
212257130
396770032
400048914
594876040
353337528
471124696
903241462
957576915
925078971
718507118
172309337
14674073
216526692
991403836
666147096
241743311
781431940
72702158
773995928
542484590
322868822
545502529
806785833
467825906
914174422
376824456
725273058
266104264
643392074
442576533
4541824
425904256
480872488
164805302
174354379
918897656
981974847
467725938
6404959
315911112
778524248
706053208
996579380
322402557
202289122
747645671
582670005
331830654
499865311
720159144
34447672
743922239
473588013
422165892
605729280
796169633
442830755
979744305
847914428
518084787
908158855
71141999
45597574
684392310
468251705
442029950
267228572
367266967
226179246
136462907
478952844
698165698
503503833
86242670
681900187
413880159
893490655
171744639
497054893
591664632
963497915
205566068
59511053
531454069
194905641
712986851
452264975
709840113
442236036
798408051
147527946
121080422
299190485
141959698
445693727
390815432
796821618
828172157
656816029
850771769
334269074
193623413
993788978
849120165
338483519
500070312
16664008
919832405
433325849
60876644
577624199
428212326
238547956
995832717
140288113
761691672
24574563
74717035
332009708
424627397
191197999
914247839
530750744
822539527
256673463
671792620
939500675
601287964
858242904
767786985
870425482
632156487
481824356
456855240
980439143
391352924
565062173
575848483
582352786
302435790
814301501
307057783
797729314
965543673
602258727
101814557
947390657
805856163
646826561
747441689
813750634
94934977
438997093
104907588
307846799
966456080
224364293
243163601
190186040
256893068
58144840
393666871
517109075
658673158
629568985
127340587
522866693
626648343
340276450
898454834
986732802
851506258
496173676
285807329
305202819
857242101
689121503
164975084
439285197
319868772
507583049
401928988
656443688
79538540
541115475
460762483
606568226
345010631
96803084
721077104
525141721
840636536
358080512
986927130
163942782
242799982
74801088
752775276
808219955
144394587
782687179
589155375
980173479
666108239
537963938
256997558
342708167
502700930
412982793
594727592
309988526
650864650
684146315
360949826
549260892
316541223
244427236
870042365
535483357
204761781
46923058
130242577
81359875
58449762
54386246
668914362
827702404
752484294
243618629
31807852
146583963
571030862
362163785
237576875
880270296
27154441
147498252
878161948
783486089
900452040
144496520
263982943
413335683
92406706
257204581
68337487
428334007
344535761
18031992
349288665
584257542
197891150
918405862
786076983
225789494
788814614
429912209
83531737
404594022
584177242
604187785
578114233
787477448
951981865
852918705
114581761
640181797
382722330
542617761
576415073
401035192
430289091
56136930
800107937
340030544
853570165
516349790
799123046
908626893
431081214
246197643
45982328
775751215
562396552
613693414
233257975
574727786
427646307
722445450
844050492
597131769
795449313
712823658
3458984
406639572
485613788
601722712
604361675
887064702
856831985
121838438
782250287
258966353
439992211
552927211
615422783
535238563
622503972
313768823
852475179
328354336
575970270
111372761
565608002
285127563
803430407
434039877
618731377
577492663
813747600
820205990
738344822
699115692
159457847
957224991
622774732
188270690
6632194
892928933
511588528
985330269
684097888
584691933
938022786
523314989
654502693
449897916
142804968
891476189
356117625
772422411
885931514
989995118
77661787
225556306
523156143
543024230
767359185
174341400
53156178
48543388
85129865
778542708
844029045
638642432
202651243
721518475
34534993
328736787
812666495
485598123
202323373
102003451
188944973
864525806
144535801
1323951
258364127
755436647
606774979
67195788
638597141
576114675
731504786
609703541
763765149
501124944
704315982
301180157
832268573
240525560
426420368
921101552
955923105
366273800
793837117
493967284
338862177
808507195
753404220
935199525
768846432
849424809
410069836
696606185
602017190
761568563
105530686
619175214
202338723
33099887
940701671
625979925
819564059
126310246
304261111
523015819
803884947
855333407
65639803
988106074
933539196
172896033
75039881
571240289
289681777
79734194
659274004
848505119
617727298
399959681
227886726
239275336
947356320
135277014
258020574
532704664
459181035
407448076
116283008
358181656
223757570
478019022
996125449
594942534
658314243
813731609
470472739
9137066
339922039
307636106
203410282
654312033
641603236
306244712
371844242
546836170
13381308
61392554
454795056
76368315
724106176
578906821
255505729
100283525
965448015
641050831
182875702
459280941
566242095
545801424
344636967
337725971
129767146
901912745
180132855
407874432
302555842
887462292
968437130
157082215
22437029
871106954
652267647
749170525
577039693
596290666
134557740
452493697
177155430
740557775
207780881
184135652
287785234
637513813
190363761
383875172
380120129
577484256
666119167
623041959
6417464
2989494
673248808
245176636
470339404
668220851
661108621
420400202
513599367
947585693
199769628
532243394
52085702
972628417
793118823
172293104
868652792
352480339
950629573
799917350
175912582
265546826
457664068
318601333
916456253
546689464
709257734
410882703
943379457
644966846
290088969
216079693
736626621
890294888
603502624
6997974
515742630
335949599
524970244
677612356
302504080
107130509
564422413
978138529
347035276
425408006
519710495
219853710
209894084
771005433
137755673
286969339
530693572
549627519
189523475
351006167
344453741
92727805
439004332
785523537
199296261
959557829
306766292
611467978
841712149
766724629
317939095
753874901
818379505
147465843
228517049
75822120
628702708
622237158
18449606
235198205
566190869
557794459
1784081
389870452
226728737
316716591
993580336
406775548
629471548
79600302
224265261
345337524
776340131
260392386
623056118
303116662
253011788
808593165
797033942
955081473
580742080
579084078
380409170
572920023
206162025
248572795
530764157
194426653
725996846
261026492
593945888
354568679
547907573
512867393
837169651
671656647
335796854
988467729
874267835
203577807
489101857
384225008
247717011
581262560
725857986
783716030
836358931
250601272
61734286
365440025
899359318
332898113
703053216
17532084
388462909
556513306
283776408
401182816
2013078
844932643
522212399
638268842
287216667
412307246
416960451
727347026
503091791
467746195
663421167
164559565
27125965
545651522
493954828
301786164
709942612
497751607
154101332
174888014
484761936
989334715
704859183
302894934
646304332
25620284
574093136
743140945
986682692
289352988
970939844
98444806
747613781
775514270
957109124
660035365
58375348
416399711
896604625
352043454
808104499
205252229
790255118
374894391
406847995
746019454
754112727
545216010
555061132
265237411
624884254
322524539
311312295
712691753
844208566
214720597
361540141
152000888
750766444
121007887
752599472
790402787
784611337
599987560
646252561
654352962
43043522
844562749
346962415
447785739
875841275
55687286
439072672
40485186
547511622
53149845
140302033
827609928
349413432
63776025
533608249
840514320
343184820
400804600
117135091
531200309
615930523
583474010
847654718
794328752
477220381
918331906
299059328
283252709
352180984
552548871
891442354
257738760
231236260
201247969
921419986
503305767
462523256
273167390
758830334
506875734
671794315
849757785
646748271
263807769
516226846
959289380
606810540
529045341
497070969
812347137
226058018
919902180
223882241
967417429
487206778
331364289
376839339
595437961
820160035
282461025
572037751
909399816
901667360
87174393
789779414
473188545
96780165
489011760
160879695
34288628
949796782
931773384
978325161
943704281
20643841
84385864
68968726
475897036
310274860
431600254
282950954
134348306
246084512
402145705
22355694
11921887
989156481
82057507
657629565
367017555
857608349
430888685
429555652
765692556
290118622
944752476
80396199
279901571
716712427
119348308
227224400
626319247
126549468
249139829
524462054
376771365
39733084
11390100
566263893
917704952
506222336
48498499
56491526
671815171
779778858
45532349
914987908
420687378
361900429
915069127
81751787
361369099
996772776
148280208
274904687
295028613
109697389
658861227
103272495
711904977
472447276
291565644
578443115
161342513
181438739
608500803
209156504
139838913
159040237
334756220
523685671
288869473
826995421
335365122
983008404
905288992
315271029
708018223
699321604
891590971
381447136
396209739
310833393
728671267
259070345
752767713
572052441
885565964
653098286
535479263
333754750
61065419
790945273
172169157
712729791
773016480
881738992
367756971
121442726
133145745
268107396
570387860
909715305
415537289
334118106
577104447
749125780
645154426
205597381
141041385
509109217
807540033
296194481
131874508
839092301
840433813
461028683
867569590
613360324
484984618
551578982
513152995
651035474
741979775
565459178
726090134
208821092
269751239
66921351
141212271
253409068
813025161
871472633
589805330
563685119
545203915
273516436
941059615
985176947
74887391
207029043
464129772
429203368
31179320
707933084
861793262
749864734
40287262
699473481
691012214
794846104
825731439
456351399
421429344
136745647
952454125
43019779
195895907
933564486
295266986
899158137
822874715
778078870
126680574
185317396
613097800
237533125
164727394
662492838
827304174
918972821
693895790
892888409
485784994
683600151
615191956
528043339
380868392
311064719
94478704
140101008
839047663
191880378
460155260
808453459
691808951
224547815
781541565
275683846
109977290
357073212
908527203
874647654
12115534
344675595
278081384
442359080
47309956
828615816
165174748
850900388
106180169
606088388
227572257
602011944
211159756
464332749
586858230
432838548
658469232
413263368
685285966
429017200
832628949
690121639
618134716
853254005
49912340
85031096
158862289
519545338
498321068
243531002
338846417
231979098
369158012
353007903
783420882
356124536
279796539
50232931
258358948
944554679
483371007
622062451
234932615
746777965
441599660
560538821
532397072
779412895
734311942
877428836
243832026
889578482
158478069
322628288
274468604
367349294
676623593
107811128
829983999
543658796
759399178
873076980
8706414
540143280
411678595
721784736
949286329
607495463
244873550
64975517
612282384
494353603
482218847
288440914
902558711
394507468
812101639
426038103
370721302
789704277
400507281
727148963
448036832
31878153
589285994
330193813
77109222
297378783
168265236
951863014
690327007
552652619
522477065
529546239
713671887
549245963
547036629
239917127
609789277
344489834
404137838
411063127
55541987
152834653
150654930
641663112
456513764
467213558
378682809
920135311
809190912
548791410
14096385
607870521
731021283
418419945
830698081
797160846
207254972
642990849
971286405
514802051
871782374
635111690
276884134
292206432
15545753
977905549
895459525
808606729
289594673
889788085
239007385
50636827
91706724
699122623
406646711
720988440
362189351
72611146
412942616
788315883
451942049
852940806
73157409
627283465
829549008
97701530
878950631
489048736
773693067
827543648
40254489
493860329
906553038
225887280
982069657
977460598
657043826
220814048
572233660
666670041
775303677
954505089
657459673
296412403
668974409
50055470
663785807
812370942
684223998
774412470
432934638
837806451
543973331
708967852
483116255
342959821
26961031
429525601
528910337
466088516
16803894
349501082
51317928
988021166
957555017
162308864
42698753
689923263
705221015
9322306
676545084
900282768
571680956
709257138
703689714
533677640
595068335
952389310
610872265
403012367
536060070
509965389
499993132
715621077
968539469
446045992
888299583
698699213
940726694
194257851
953108568
204182901
664620060
92059392
93418627
884284678
410160350
371447439
828307516
546576811
20415390
242970271
78306118
642174456
224337997
891185870
232338085
646075762
657544075
368724220
878350215
292695794
934447243
135108654
950612069
895124903
604362477
800566972
927679320
277509601
120545959
390681912
284484647
469103252
493176935
819098450
661471529
162701822
252590368
273750852
574918762
985132995
201123161
127387233
827335267
896119910
658965419
104153506
597163681
458656855
483879673
67116047
508970535
939513512
496343598
470877849
173123739
452823622
561487607
567937439
789468024
902073632
11041265
788615465
167217831
524430620
216072170
776457635
741073796
273146507
58354505
51845130
362254079
369942375
368622326
762990701
887036045
691027088
594117427
902875670
842628747
398256730
26187878
842059635
763445716
295444400
651520896
884419006
687034367
218169633
644378902
889515606
569070223
792772973
602324234
901046710
797784459
809011243
650638002
878647370
818051217
542052795
168329504
525941460
932981716
673165874
798387643
987112336
294823489
425579905
176103382
83085790
388529330
218120531
681370253
529515361
7027947
655397442
519456246
739273993
397272969
115382989
726147932
205530141
102149757
114202436
765935469
272095587
391472
461575101
731069052
715500415
116058685
993136375
933444581
505365315
405948751
9761457
438928283
464865734
568971568
596733458
658475487
990324740
637732339
846496109
600184794
684430979
893966371
773646219
156904353
323143456
340768073
350732399
855487928
994125896
822539440
516473559
689332257
271173269
20672953
331288400
822684202
984173283
225959587
170651131
680353573
73008597
845939148
153288403
5816498
698548808
788255557
269282703
476033501
421736598
988008158
424219736
125602946
829869929
884309932
878145593
838258337
903649360
534403717
6612420
586830103
285882819
631019409
824880151
239066381
538752109
741740870
432764179
571245847
131892989
180392898
444101830
967553096
39794554
761760400
345796465
237542293
403716592
560254900
127240495
315801367
197115783
103332617
742357958
940825069
291839666
487416014
25868368
72942035
316341036
498091106
632173054
925644205
90385214
213704278
252193820
277506925
43430715
675302908
214852010
49325446
965340323
389997121
268086347
915353864
94520187
602004881
592835898
539077418
864726911
180575835
807383388
866404566
90906042
657140426
329135433
319543695
323099349
153214557
855155390
965537124
108757708
615019842
95452927
24416379
789942922
778820039
151115556
522428938
834621586
535457917
322240034
418494687
714590433
498745600
217967127
925523943
159608994
13903801
474422017
296710389
774261434
844099410
926869669
667513517
359409875
989526400
949030400
25867997
637837747
672424775
859419181
543813797
503496105
268347081
109161905
120739349
265873369
422722834
120664346
732483124
609460496
296438246
906350927
663515454
883499487
793198867
25592371
367720366
17370788
583731622
321563853
152742546
152679161
401193436
522507077
571517069
61124315
129560509
755041362
898644191
645488532
754563299
523958777
591605938
525849353
894060363
605431038
512172363
747958571
251312247
331669174
114120013
483710696
312533787
802514870
840270548
992263884
246681788
399930718
358717474
770876527
56052651
159231468
335802083
227380691
943700517
438218408
9054203
48868662
688960912
612385062
962890407
688100353
484617989
174131799
880504256
829734483
427599861
588192415
870968168
336956820
618144525
389750899
550181208
977992299
970586539
280775678
783039706
305110476
859759627
988217463
791132468
209941100
519021621
622440497
426631134
880067500
918939388
9423708
831899687
344853793
426922712
468843816
76271777
445484586
296250999
642235309
103905081
37036652
176444630
770722095
407143931
461793570
721558296
993064092
640354661
355085947
294361294
894129323
275530925
855992652
180244229
694662004
847059267
320932514
841654586
960916407
541060147
939495560
629674981
190239415
449510872
623861389
849469191
965758482
925351124
695381506
185707508
40962527
407830335
203702235
583302881
299113680
219259680
67762106
636800902
421055310
425340117
604965472
20858255
987529119
88951766
420902558
289787041
708876225
529753951
816576926
937757531
965691506
318484144
663464430
949600461
949127590
748246677
70510551
451458901
323348660
189192905
548183058
95363161
647113975
628067192
128131349
79694984
211773377
745248221
521668994
83873490
589897271
279537146
837080730
938956556
407387941
988683800
712298183
75488643
856940725
376953246
821909294
858677169
767763887
287600922
780765377
595392530
418383967
52041692
773754951
338599962
164342298
971107840
455370940
868918915
763781659
840836402
476876493
62169300
41883173
904508784
242705522
973064894
412584592
747153557
351045861
496143766
506410947
680272031
130945811
356907378
835141222
968370234
138758891
223439922
237919547
11290795
27351279
78753484
744459149
405929654
110095187
939258499
940131787
894523273
399691500
319456573
25245135
314234248
462237555
798168416
769875587
166117600
870477850
694186116
762331262
438598155
800304802
290883950
487239828
338779006
57087479
341656121
635036954
738284040
110174512
642580439
459723584
687334245
198639137
468747065
847263391
7692789
129899052
45140868
14855719
6743327
66777925
568184670
151675446
555908580
333392623
243854506
223649703
512518405
305474157
154530736
298383669
945271769
238547871
339490295
683738750
132105887
440309877
201810956
621875542
282162220
718416533
638383979
359983549
102443076
866826818
32810584
595757165
672319309
159054124
347406652
784883792
915750542
602820178
345517049
286903764
22576282
35388763
126510536
130704773
500100686
783937038
973956989
470314319
878801854
143783718
707692484
594463960
819520383
102622408
811308072
455345262
276733491
595187803
751324693
475413538
669001707
746969845
756530685
700229899
459035715
157055186
378330656
952677958
683696954
39305568
301066761
738564182
424133104
877099093
516798352
393785724
940332362
233930322
903100125
393476549
625116063
487869464
900261015
240835672
236008779
442030712
310734198
289454103
359888821
389636325
791300950
936302096
632745375
635002540
65248687
57824890
355890925
568179274
554091993
125945518
371699957
667041816
481550464
244633879
542386096
739962136
894615781
142271162
271545706
653928495
953688800
463461446
471346466
67213458
307929510
101291808
604560673
851068571
580118191
424307680
778977294
82569071
727475529
18851058
629212554
945781466
816738409
503682331
778386107
596791951
994174393
860905570
299865924
714032852
878886938
187417184
838524684
549603753
9771425
830786114
441568965
530349828
966902165
286642724
177491369
518893480
878778709
842927728
518438208
694072561
879367179
328851962
355787189
886851279
360027521
202815792
143987305
309192021
271127027
671316500
418328596
733288532
104126802
957846420
968760812
674301866
544550884
260859737
557926887
433933945
273280497
620242643
532186707
141419450
26129387
215264074
916073719
521861814
798584983
695730419
444146183
568098521
943298233
157943549
198989526
806286927
221481872
588110562
851032375
912906872
966004342
704146680
246925013
578887141
490503593
112508997
725289145
573076734
850889846
218401809
461482529
187540144
211701485
788524424
936872917
370429218
192766316
780854659
103794622
86143243
422634915
699272821
717194594
615765673
286632936
587937996
227090092
530900980
657540414
146158029
759927979
870451974
161246518
655230913
530224014
104657490
885965685
226470602
988452155
266389315
182903110
38925094
743540066
657526023
791779315
111579223
165370459
724767207
87728548
980915713
290201299
269013256
55509412
89083860
878366841
958684937
578244098
319873673
243815656
939489210
888340757
708185617
820887763
59418522
513284136
730185937
769020811
870152751
964722369
393847429
977120040
820245794
900898481
359607685
997646137
751471529
421858982
645014138
987913513
879162910
611185181
104662281
817894887
50347746
846445024
465593978
547285959
771895145
309311885
982544760
504600182
100598826
884712330
225340933
386892100
289626608
619714188
384489715
296812997
981469762
543114953
195251455
947288280
773104563
165587814
117612286
866256287
598823585
153933280
620451349
571892939
257977026
266302956
449784112
996922651
576867914
186607510
926048755
371400280
970666615
365478130
92849949
298427317
540694584
444402025
116409796
877130516
777793892
540556978
171616559
914357485
804177950
808245440
543268696
659940326
889297507
418905498
622317024
405972837
223605394
297034440
534693464
722915283
667561005
324186700
200693299
650174964
474563026
191168950
315641002
152567336
258022264
915096987
366070791
889172379
141322075
240396689
174264195
945707510
370525152
424664612
95991375
452105457
301255061
277995701
869781036
683093529
185955104
933573048
896733580
689341841
288050094
636613265
248989441
752114164
306528443
92107972
627127062
24691314
393234717
578214200
598058166
41681652
501816337
583514766
783127325
479199996
348854601
150119440
205112913
470298490
783633092
532841020
501292346
710158057
631080248
856907616
37822229
396851008
745283863
31782791
955768670
954438017
296995775
731068376
682882607
892546569
118491111
427677422
47257333
868061379
536207160
59476704
18108555
55613353
664272969
290045680
628652720
631484991
139859274
769565286
877643937
130669369
560865627
345960681
135303954
500146067
177832887
477048622
734834945
484887011
493844851
68503524
612309903
733684280
672042450
908616374
867891117
422124545
986349385
886759049
396052689
726608774
157581139
110426094
857603859
394597219
91473297
907221876
606117435
432236931
636669083
35822879
802892328
154111096
415960376
181991720
839309995
25218109
269246933
254221364
898873981
318567499
439110384
894231920
817328901
292759555
178418729
500440611
651815859
62814043
869212147
517926791
451340486
560587469
713020980
268968521
59867823
78631803
324689965
953005725
479804391
667764725
225523762
905476054
809268957
812103234
394070055
188829687
707919243
269742665
271765460
458158899
646796450
144777589
152753641
623986545
859321833
929208872
405391011
226478639
489661740
805882824
484987569
106698588
257884306
648736544
535765516
423589193
925736170
807644652
828537210
882057609
674684638
744018273
88245341
701466312
102526209
13096278
73403626
529300021
728582670
847688939
672729986
830303162
142777942
532591329
63938436
896557260
502602473
427869412
86819845
603925990
272679693
620517951
644831718
988383306
966433608
160810252
682911700
167350947
690320220
727817265
846081324
140517530
380536835
910333938
75041480
240763602
584376895
654659732
259423233
948550463
261254612
592313195
181554069
662306456
522148441
188831479
754952583
882686406
292387716
279558263
278259999
382563559
384518272
590888057
705585949
832124240
530064155
204029091
135412777
281178648
918671857
777787583
761839632
181261562
100793818
430576780
64120068
989349772
907955451
994057125
665132735
727810851
469536006
183877652
492784353
528605003
907113357
610452210
615990785
790680947
885046870
69976825
652746418
622803284
55241153
706034015
65897054
877963073
321522831
188036356
725159148
475339280
680188843
299081280
182304189
674005456
443663993
299645605
243643810
149295075
358987412
779881002
647021055
763904048
656546731
371136681
191967362
989249796
919115395
430713781
342802339
206202831
751364497
308426842
104215302
387767200
884917340
565101500
109614371
479355477
292137388
844407295
129553788
316170643
203470571
503827978
543337529
793286833
843567949
699374161
451324150
866216890
939703859
654172070
122066116
815760901
589829430
866233718
62357791
898447255
474791143
281568770
761617663
15496442
466174331
868875659
724185760
179531010
508523606
335484999
772414181
317690251
512104574
83384423
666000488
34859182
16426100
604639106
105421694
957332448
795632451
634923350
292954373
354287079
589431534
921925674
832731232
312711629
602224670
11541474
862057356
517008256
109927530
965592178
402138943
684091844
47636196
152847231
767055690
240040229
586783498
315265901
682680866
521548440
13831509
100210505
54690468
756129118
503225024
491362312
563220932
384713115
359531465
766194288
33585981
185578753
558584705
476037800
463386550
899447870
813835463
499611464
131336662
85147418
988675234
357811877
689028552
716842728
574895550
603170516
151199152
972346806
357160497
654397258
394134949
442008722
929557164
938089303
627988703
865658847
312376368
731651681
399006682
112954352
817510007
556897149
846151458
797670714
592220621
538236160
688988180
307219071
176669401
508973775
690328916
893993024
76619394
256218951
547054079
784754860
57995051
954149043
302909167
551692566
900944158
959680616
966991104
23781267
368797509
753500890
418971272
909461275
186104836
756474551
12891355
255707721
820176947
984301115
283211632
784653538
941560200
680808873
72341602
686316924
178841393
39941067
687618242
392740941
973285873
414634549
789064197
274226749
278800411
208155371
642608768
275846028
734692334
906485753
792268016
8435862
43840512
646256315
365574248
384907697
903897468
133543452
158189652
111625041
597640289
152766331
230716089
646588505
330308488
819498202
577873558
790998593
181331735
447696661
110429738
663550127
502547396
868881164
333422510
934684358
514488665
481985414
373984470
500360591
302541744
454035450
991873679
184187303
583842017
852828234
426853154
572651328
93191015
932238
672203646
387953680
337896765
387719401
97668025
320852108
192357644
566224082
242686837
591650504
703757290
991135540
866708007
836616857
582129643
137467675
672037226
260038432
747548621
378036309
866475900
670284853
360488142
604349768
591578689
695303371
392970884
768431585
622960199
436774585
22855603
538308641
925966168
491808655
520864175
158881031
991881190
492362943
67912538
233322898
811518879
239505945
888850969
