143834215210
143900279244
143834215210
143834215210
143948944817
143934330560
143834215210
143951664673
143834215210
143834215210
143836372930
143834215210
143834215210
143960502972
143834215210
143841464669
143834215210
143834215210
143924335969
143842400563
143834215210
143834215210
143834215210
143834215210
143834215210
143929884353
143834215210
143834215210
143834215210
143929112257
143834215210
143865481341
143834215210
143834215210
143834215210
143834215210
143834215210
143834215210
143834215210
143834215210
143834215210
143834215210
143834215210
143950615551
143851038641
143834215210
143834215210
143834215210
143834215210
143834215210
143934870889
143834215210
143834215210
143834215210
143834215210
143834245125
143834215210
143960053425
143854100050
143967245345
143834215210
143834215210
143834215210
143968242368
143834215210
143860858253
143834215210
143834215210
143834215210
143834215210
143834215210
143834215210
143901085335
143955449503
143930692736
143834215210
143834215210
143925940737
143884548791
143834215210
143834215210
143834215210
143834224279
143834215210
143883646751
143834215210
143834215210
143892710840
143907586656
143834215210
143834215210
143955850657
143834215210
143834215210
143834215210
143834215210
143933832633
143834232891
143834215210
143834215210
143958193845
143834215210
143834215210
143900914515
143834215210
143834215210
143834215210
143968438935
143834215210
143834215210
143898461249
143834215210
143854892709
143834215210
143850929171
143834215210
143968319153
143834215210
143834215210
143960049089
143834219825
143834215210
143900928994
143834215210
143834215210
143834215210
143834215210
143900709178
143834215210
143863451293
143967387775
143899690681
143925955257
143951599040
143834215210
143967851874
143867581633
143883438767
143834215210
143834215210
143957825217
143834215210
143834215210
143901434155
143901068384
143834215210
143834215210
143951533729
143834215210
143834215210
143901323274
143834215210
143848063300
143834215210
143850426732
143865778495
143834215210
143834215210
143834215210
143834215210
143901329541
143834215210
143834215210
143834215210
143967913017
143834215210
143834215210
143834215210
143937408651
143938916021
143933805921
143901113983
143840494291
143834215210
143834215210
143834215210
143967114937
143834215210
143834215210
143900611389
143834215210
143834215210
143834215210
143834215210
143834215210
143834215210
143968364992
143834215210
143834215210
143921958336
143896573961
143834215210
143834215210
143834215210
143850955132
143834215210
143834215210
143834215210
143867702911
143834215210
143834215210
143834215210
143834215210
143900907964
143834215210
143836138211
143834215210
143834215210
143854110401
143834215210
143834215210
143930365105
143834215210
143834215210
143834215210
143955754561
143867809756
143963968319
143834215210
143834215210
143834215210
143867745923
143834215210
143834215210
143895828125
143834215210
143834215210
143943257789
143834215210
143834215210
143834215210
143943276209
143834215210
143834215210
143834215210
143888609857
143959725628
143968441757
143834215210
143834215210
143834215210
143965296167
143834215210
143834215210
143834215210
143834215210
143834215210
143959963329
143918103587
143834215210
143950616241
143834215210
143918109373
143897100299
143834215210
143834215210
143834215210
143900645812
143926203136
143834215210
143961723282
143834215210
143863681260
143834215210
143834215210
143847812730
143901103808
143863373312
