119738705736
119738705736
119738705736
119768481543
119738705736
119788478078
119738705736
119738705736
119738705736
119805825766
119738705736
119745603592
119788573240
119872505358
119855981046
119867662714
119738705736
119738705736
119738705736
119851405966
119838313962
119738705736
119804754539
119738705736
119738705736
119738705736
119738705736
119738705736
119738705736
119738705736
119738705736
119738705736
119738705736
119738705736
119738705736
119738705736
119738705736
119738705736
119738705736
119738705736
119738705736
119787127005
119738705736
119738705736
119738705736
119870819598
119738705736
119738705736
119738705736
119738705736
119855374572
119738705736
119804238242
119738705736
119738720472
119788931093
119738705736
119789028706
119868531410
119792194172
119738705736
119738719722
119868723901
119738705736
119867425265
119738705736
119738705736
119738705736
119738705736
119864549632
119738705736
119738705736
119738705736
119738705736
119738705736
119856161549
119738705736
119738705736
119738705736
119805234494
119738705736
119738705736
119738705736
119805581326
119738705736
119738705736
119738705736
119739720001
119738705736
119738714529
119868727046
119738705736
119772341100
119802421961
119738705736
119738705736
119872413054
119794704907
119738705736
119872462586
119738705736
119738705736
119738705736
119738705736
119738705736
119738705736
119829683662
119870300254
119818402572
119738705736
119753748596
119867564814
119738705736
119738705736
119772221609
119789039978
119802154541
119828891022
119872337414
119828765321
119786745870
119772314746
119738705736
119738972300
119738705736
119805545070
119738705736
119738705736
119803092741
119738819437
119738705736
119738705736
119805296837
119800974670
119835186124
119738705736
119738705736
119751362432
119801887752
119836661516
119745895516
119738705736
119738705736
119738705736
119738705736
119869842171
119738705736
119738705736
119805664286
119738705736
119738705736
119738705736
119738705736
119804703366
119738705736
119738705736
119763611726
119738705736
119738705736
119738705736
119755059526
119738705736
119767549677
119738705736
119744004763
119738705736
119738705736
119832942606
119738705736
119738705736
119738705736
119805779590
119801338630
119738705736
119741500576
119771719202
119799534050
119789052686
119796323045
119738705736
119738705736
119763845282
119755554035
119872254150
119797419783
119738705736
119805237746
119866122923
119738705736
119738705736
119738705736
119770861536
119871872390
119803548610
119868609285
119738705736
119738705736
119738705736
119738705736
119738705736
119738705736
119738705736
119856161004
119749919111
119805698534
119738705736
119738705736
119738705736
119738705736
119872856841
119855009550
119738705736
119738705736
119738705736
119750623322
119738705736
119738705736
119795343630
119738705736
119872835830
119738705736
119738705736
119738705736
119738705736
119738705736
119738705736
119738705736
119868674750
119738705736
119738705736
119751361886
119738705736
119738705736
119738705736
119738705736
119771635883
119800319232
119738705736
119767847266
119870193355
119838294286
119738705736
119784873625
119738705736
119788774121
119747063045
119738705736
119738705736
119738705736
119837020133
119771187618
119835648717
119765733027
119738705736
119738705736
119738705736
119772151198
119738817462
119872871177
