94863666873
94994748352
94863666873
94994801526
94863666873
94863666873
94863666873
94989230605
94863666873
94863666873
94863666873
94863666873
94927421176
94888571009
94863666873
94863717401
94863666873
94863666873
94863666873
94972777310
94989295643
94863666873
94897272861
94863666873
94863666873
94863712516
94922380312
94863666873
94863666873
94930567583
94863666873
94878899746
94863666873
94895798992
94955848687
94995816958
94863666873
94976663721
94863666873
94863666873
94902723359
94880405180
94863725567
94863666873
94921761687
94989558285
94863666873
94892101898
94930850668
94964130662
94863666873
94863666873
94863666873
94929778435
94863712863
94958035983
94863666873
94922972109
94863666873
94863666873
94863666873
94863666873
94863666873
94863666873
94928212895
94972208149
94962556703
94863666873
94863666873
94863666873
94897843330
94863666873
94863666873
94863666873
94863666873
94930629688
94863666873
94863666873
94863666873
94863666873
94863666873
94863666873
94863666873
94863666873
94863666873
94863666873
94863666873
94863666873
94863666873
94863666873
94863666873
94863666873
94918243102
94863666873
94863666873
94946008831
94863666873
94863666873
94863666873
94863666873
94997934807
94871663848
94877918213
94863666873
94871494466
94955741463
94863666873
94863666873
94868233643
94863666873
94863666873
94962228230
94863666873
94863666873
94874114036
94879251009
94922384347
94911878927
94863666873
94981130075
94863666873
94863666873
94863666873
94863666873
94863666873
94863666873
94897283611
94863666873
94916140679
94863666873
94863666873
94953677819
94863666873
94863666873
94863666873
94959083895
94863666873
94863666873
94863666873
94863666873
94920303442
94995586070
94863666873
94863666873
94863666873
94863666873
94863666873
94863666873
94922368925
94863666873
94863666873
94863666873
94863666873
94863666873
94863666873
94863666873
94863666873
94930663548
94886830853
94897051372
94873272402
94863666873
94930565086
94997683743
94863666873
94954955677
94997909453
94863666873
94863702927
94863666873
94950101983
94863666873
94863666873
94863666873
94916445051
94892300829
94863666873
94922415732
94893165573
94863666873
94863666873
94863666873
94863666873
94863666873
94863666873
94863666873
94894994650
94863666873
94863666873
94879873072
94863666873
94930754895
94988837873
94863666873
94863666873
94917075995
94863666873
94896746891
94863666873
94863666873
94863666873
94863666873
94874816597
94974991374
94863666873
94920247420
94863666873
94863666873
94952845294
94863666873
94863666873
94863666873
94863666873
94863666873
94986904599
94863666873
94995222031
94863666873
94995160095
94868175534
94863666873
94863666873
94863666873
94930866810
94863666873
94863666873
94955954748
94893084651
94863666873
94863666873
94957937404
94863666873
94863666873
94863666873
94863666873
94863666873
94909793906
94879214216
94863666873
94880462414
94863666873
94877740750
94863666873
94887487682
94893079228
94863666873
94863666873
94863666873
94863666873
94863698568
94863666873
94930696184
94863666873
94863666873
94863666873
94925951743
94863823774
94863666873
94905564904
94863666873
94980060187
94863666873
94872055610
94863666873
94863666873
94863666873
94863666873
94930734652
94875362360
94863666873
94863666873
94863666873
94863666873
94863666873
94997877790
94913564466
94988176371
94863666873
94930567161
