157772462822
157772462822
157772462822
157772462822
157839551168
157772462822
157772462822
157772462822
157902355479
157772462822
157772462822
157772462822
157856216618
157772462822
157805886533
157772462822
157772462822
157772462822
157772462822
157772462822
157888810943
157837966345
157772462822
157772462822
157772462822
157772462822
157880990763
157772462822
157772462822
157772462822
157897763883
157772462822
157784008139
157772462822
157772462822
157772480674
157772462822
157772462822
157906613531
157772462822
157773522150
157772462822
157858347818
157772462822
157772462822
157772462822
157772462822
157772462822
157772462822
157787116001
157889756188
157772462822
157786878507
157822396881
157772462822
157772462822
157787206814
157772462822
157838783303
157830912989
157772462822
157772462822
157772462822
157893524327
157795304221
157772462822
157873114577
157834196391
157772462822
157872928699
157772462822
157772462822
157838167759
157772462822
157772462822
157772462822
157772462822
157772462822
157772462822
157772462822
157772462822
157772462822
157772462822
157845796897
157872532519
157772462822
157772462822
157889772507
157839233051
157772462822
157772462822
157859191595
157822703203
157772462822
157903715363
157905058603
157772462822
157772462822
157839545895
157826851859
157817289770
157772462822
157837986299
157902153755
157873122026
157772462822
157772462822
157772462822
157805872939
157905728935
157772462822
157772462822
157834058643
157860340647
157850277675
157789241388
157772462822
157772462822
157772462822
157772462822
157772462822
157902830616
157772462822
157772462822
157772462822
157772462822
157772462822
157775086057
157772462822
157772462822
157835387441
157825276700
157772462822
157772462822
157892622367
157792783603
157839583249
157794466853
157772462822
157772462822
157778295610
157772462822
157772462822
157799967154
157772462822
157772462822
157772462822
157772462822
157772462822
157772462822
157833262134
157906680297
157896138074
157772462822
157772462822
157772462822
157772462822
157772462822
157792869654
157772462822
157772462822
157795528745
157772462822
157797654533
157772462822
157772462822
157860537387
157841664040
157897011743
157830063397
157772462822
157772462822
157772462822
157772462822
157772462822
157772462822
157788693121
157772462822
157830094115
157897734694
157772462822
157900531739
157772462822
157891999894
157772462822
157772462822
157772462822
157772462822
157772462822
157772462822
157772462822
157772462822
157772462822
157773892523
157772462822
157870373630
157772462822
157772462822
157772462822
157838056290
157772462822
157835781473
157772462822
157772462822
157872548901
157835330469
157772462822
157800772629
157812700219
157772462822
157772462822
157772462822
157772462822
157772462822
157772462822
157826891108
157772462822
157822413325
157772462822
157805992998
157772462822
157789097123
157772462822
157772462822
157804543736
157772462822
157772462822
157838915627
157772462822
157772462822
157897132665
157772462822
157892782595
157772462822
157772462822
157889624950
157772462822
157772462822
