131945141838
131945141838
131945141838
132036376266
131945141838
131945141838
131945141838
131945141838
131945141838
131945141838
131977097045
131945141838
131945141838
131945141838
131945141838
131945141838
131984464783
131945141838
131978106764
131945141838
131945141838
131945141838
131945141838
131957733020
131945141838
132011629391
131945141838
132077168596
131945141838
131945141838
131992971044
131945141838
132078169867
131945141838
131945141838
131945141838
131945141838
132011963260
131945945806
132066510692
131945141838
131945141838
132005401940
132070396983
131945141838
132043187324
131945141838
131945141838
132078215569
132044500886
132011974543
131945141838
131945141838
132079351578
131945141838
132053873548
132078678908
131945141838
131977644939
131945141838
131945141838
131945141838
131945141838
131945141838
132035229264
131945141838
132003726951
131945141838
131945141838
131945141838
131945141838
131945141838
132079367753
131945141838
131945141838
131945141838
131945141838
132064649084
131945141838
131953475261
131945141838
131945141838
132010135680
131945141838
131945449698
131945149120
131945141838
131945141838
131945141838
131974473789
131945141838
131945141838
132028506972
132051702764
132066633627
131945141838
132058396412
131945141838
131945141838
131945141838
131949314450
131945141838
131945141838
131945141838
132007883653
132073697979
131945141838
131945141838
131945141838
132078685398
131945141838
131945141838
131945141838
131945141838
131945141838
131945141838
131945141838
131995465591
131945141838
132007524734
131945141838
131945141838
131945141838
131953526857
131945141838
131945141838
132026545775
131960745612
131945141838
131945141838
132011184012
131977676669
131945141838
131945141838
131945141838
131945141838
132008946616
131945141838
131992921980
131945141838
132079367930
132007990668
131945141838
131945141838
131945141838
131945141838
132079206708
131945141838
131945231706
132074124859
132058396444
131945141838
131994693504
131945141838
131945141838
131945141838
131945141838
132045207420
131945141838
131945141838
131966081260
131945141838
131945141838
131945141838
131945141838
131945141838
131945141838
131945145998
131945141838
131945141838
132070847828
131945141838
131945141838
131945141838
132053623564
131945141838
131988089533
131948549902
131945141838
131945141838
131945141838
131945141838
131945141838
131945141838
131945141838
131945141838
131945141838
131961747289
131945141838
131945141838
131945141838
132058066040
131945141838
131945141838
131945141838
131945141838
131945141838
131945141838
131945141838
131945141838
131945141838
131945141838
131945141838
132010684315
131945141838
132011189597
131945207470
131945141838
131945141838
132075123573
131945141838
131945141838
132012235519
131970111103
131945141838
132012062540
132012252545
131945141838
