188917
129692
182040
132677
190786
223659
98751
108662
223659
192282
196184
134916
231939
231939
134237
206280
243450
245601
57887
252621
153587
255960
142151
158957
273740
133991
282150
90353
282150
293228
190556
237763
199438
89511
305464
328361
318956
328361
328361
328361
206798
337326
157221
167430
248760
167430
157697
224318
191596
365153
375947
180309
393902
400552
400552
400552
204051
406768
190002
406768
406768
115915
406768
102845
240228
398564
193395
268955
417324
413117
413117
426172
236586
215029
143490
273939
437260
251118
461928
461928
290637
484272
178325
287166
502808
86981
470594
207651
502808
479918
309810
502451
577716
577716
577716
577716
577716
577716
517508
577716
517508
577716
530213
398112
197466
190226
616862
194141
309964
616862
625113
466431
257045
625113
625113
550553
625113
625113
634622
663519
122363
279248
313659
608452
210179
79969
490875
701523
730035
715874
843012
709998
400948
943725
715874
504075
841341
73105
384078
1334577
1062262
297345
1301015
311478
1160323
1512700
2500074
1776251
1513856
1496491
2509867
2509867
3285906
2265976
190498
256282
769363
2457000
829784
1096600
2660511
40975
4619266
6507759
2916812
986568
654669
1654036
4302480
4741630
1018079
1354129
681911
3770924
619463
6631668
1910306
3770072
335305
3157787
399379
2588160
1255459
6873826
208144
7912633
1442601
5257876
1870969
9858817
7381135
17032763
5086352
7572387
4526587
92906
2705280
19526085
11858864
1413071
939180
4832105
3265232
4056829
4274869
20063890
10385457
14303248
891447
16110278
6431879
5092278
1631505
12694141
11297909
18673559
3609808
4142559
15304160
12543961
29354033
26979559
8452325
4156512
15037481
974273
36444571
3405793
10984992
13370427
1886667
5303196
21124672
13429953
1522428
417917
14335121
6444738
8252316
20875331
8177292
18180302
16596427
4194813
27377058
42485017
13015697
34106085
2841867
19742073
3117737
9458038
27317252
21868349
2828804
26396586
14046481
34708463
85822
588167
1379784
25954127
33415628
33113308
17108080
14750034
28424659
2725006
16376122
29743440
24708328
28389688
14766773
11759235
1601999
7564385
13128982
21934007
22452263
10058131
2504634
3104395
6402801
7205382
14792656
28710050
27759249
1076948
4521430
12046005
1771491
793758
1227085
53554918
24119560
13497837
11939660
1876722
1028763
18629190
55013630
1984271
16560773
101207
26752703
18858664
4112912
6053980
527473
29556119
14222863
30016296
4745329
26997294
6830124
31490621
5893806
27610269
11266179
24608761
3128835
4582302
16614741
49941841
74432951
34755955
11051442
14932314
103161
60348260
4709933
12091957
16281972
13429799
9077522
61272975
255270
16239098
49651970
12456506
651715
117802
67131258
15708639
922325
8044984
116128
6296705
4059581
3426563
18119663
23625995
9893897
2354810
69688373
34793856
10715811
58542243
51079728
745604
28156268
31891425
58365043
40516034
21076899
11080028
13339304
44332195
23068416
1659433
41053161
13972995
3127281
60365748
11477935
11892577
88051529
31153214
43310939
51853063
54957814
16113824
40474358
19518548
26526731
20853932
69287562
19233133
5665368
3422035
8414493
18948987
2928207
5933169
124365
22446595
746343
9677684
396675
41880806
26800010
4213766
4132086
8943829
59165370
13429458
58365961
35302443
4130162
8654157
14573504
9516237
87312604
50984496
6914843
29431623
7076851
50699657
61932282
18075582
4715334
23081308
4833096
41346665
22808393
37413265
54762671
93141365
76472541
11642637
23382860
221569
32682144
58775640
1939304
55619833
8876191
110770195
1218550
40003632
98617782
11326600
100748688
60077313
22050833
80551078
3128445
44963874
7719447
23880027
69435486
63579084
4071207
14162706
18760266
4442345
90904675
85210473
99006287
4879302
16690313
12908598
41778342
2650712
26635075
53824937
918570
6104078
27480908
90914217
48490634
901221
62949959
4687791
3116185
37778064
15356450
17714207
7166607
61285994
9713480
12374505
6201378
62674370
3927345
128227045
18633883
68913129
7818877
30838139
4638194
51246405
644655
26549480
31060618
49598865
8538798
7983879
1041350
15838016
100264638
35023001
1301644
6902230
24346081
13220106
1850070
10435743
14481851
8298705
10600089
20182230
938727
5349167
4285949
24943365
3261559
64321914
78598165
22802992
32010317
29820832
40959362
3123903
153073606
1664488
128470179
22098225
67857785
18214966
146138579
26448847
1387540
35585753
57827291
54118130
99757628
4317290
17592147
1242242
89678704
48360088
1191923
48631050
21916509
3244174
569461
6605299
125155463
16473720
9201027
15543528
58175930
52954156
90980686
28326740
31689570
14734149
71226634
41751377
110122180
101268963
5029337
91600724
41128259
89551831
120685184
83209738
51646351
8027726
10553751
56411480
179747437
3080324
91718700
17715352
195593776
143110210
124096546
106061565
16430275
78034718
50708768
128032661
31474636
8373033
102234289
36797839
62385363
13306663
152332144
17909951
17090801
17863040
10893463
13568097
13044955
70809773
107510780
88821196
113577707
82811536
21748941
110267723
21436620
4836835
3828288
39169464
44312911
183799621
8466645
70022903
386234
35959942
114971162
9845974
4612664
92942414
170011868
12017139
64990892
10793239
90438279
120061955
114157827
69718168
24646056
113513416
109585483
8014754
53463356
78623993
19129227
6093499
979654
61642701
2795247
19306819
18346905
16869474
112148438
80752817
10606806
3674680
71328229
77178688
89878660
1043513
16303364
107131069
12409387
143853268
19970645
4021213
64662976
37381689
53377265
192486464
4556981
5977264
183546040
10665728
58265202
10915626
66857869
16485072
42434721
73886550
110496745
113351095
46986924
11014383
108921680
207501649
9695812
9619265
40940256
58865802
20824068
30474608
26043203
144358364
2003411
5455067
103241799
68769539
70075246
5041343
106154777
192682748
36636581
18022118
9789941
53002709
532161
13613944
76429441
241691019
52222698
19594361
2021239
24622806
68059937
21541651
97356151
57692798
104134650
24234360
53449368
120021691
80525296
93644387
123587438
104590352
169322666
52156697
74342458
93842756
96419621
114494503
46617312
67720137
57067144
43561277
5300470
103733605
62720507
4523045
133119249
43565064
31708403
77101641
60018942
35615034
227495460
13239167
37317462
41764476
6667125
5941144
15075596
150776258
62328510
70279493
1303121
93911442
224984266
181726936
29521376
78048821
13912176
9839394
12230299
11600323
70365483
11858887
135335042
1894677
255877595
64904565
105571447
130817006
24028887
11996884
1233173
39320177
96606401
49412621
160595626
115434267
13187656
20974433
54698143
96208542
21897925
7387291
7237338
134584328
200545308
9432622
28097649
25904342
3375527
2924086
148878131
256451404
131804368
5232169
66520599
27023469
131828240
127541177
68480596
82206542
93420436
133784461
108743014
138408522
250684662
1448560
25474012
497116
169545233
162909904
85805572
2915390
172978744
47309820
103813412
42788645
52901125
20709320
101550476
300594778
11189677
23212839
7503221
3637397
60248698
27865780
96039947
32712462
10272542
137546259
47696743
101206373
115229847
