179391
129520
201196
233169
186458
304521
145424
354177
228926
354177
146324
29531
153856
360513
161372
377769
197352
153422
382569
194146
165508
407121
196796
241281
413481
133656
146453
133501
203836
171322
246615
264321
463187
33203
231186
240546
415144
270822
459562
629162
629162
643587
474446
661945
174251
538234
180946
103911
697869
347310
697869
275194
251915
582650
717721
731880
250654
794570
345200
380054
499117
135605
375944
232084
518817
1140843
1344558
589609
496526
349615
227780
930551
197773
1268758
620946
620946
620946
152956
626394
1249877
1443207
2503462
146513
1064318
2672469
1448767
281447
2635651
6333030
5790742
4595142
3502080
1907129
230458
852366
7196200
623527
3067926
5724748
10986185
1723756
11416936
11485388
6594592
633316
1411594
7026969
6772291
4130078
1532396
770617
3360442
20320678
4858277
5003432
13386816
20479661
17006967
18365741
4070602
242984
14422898
13396533
2632775
1272196
727771
13317407
251061
20724556
1483618
6528583
9186703
5611659
1056451
788115
27430764
7097875
5763134
4167312
7703890
16054219
2340226
14572085
25298276
1474334
24761282
11887162
19181635
23715888
20574693
18070296
13317896
15397237
12882522
240037
2146396
25788631
19266831
3911393
23650707
11106719
10544004
11900117
18828476
2488059
2710916
3436875
18825862
9558448
4629376
28517952
21688765
515230
1121950
39940778
709446
5319388
9228958
16678420
3987949
5794069
12445554
10697985
12245960
11651537
44497140
31021084
1057861
23616553
26159792
37058879
12263700
4688808
11108339
26124319
20197054
17683795
15770240
9324712
4115128
27006115
5091297
1462997
12984384
64671787
22582121
7815314
60987720
14941648
2463366
63078294
30535190
22586054
315138
7570893
1015141
56470335
5217988
8250698
12554051
9508612
3951283
18209352
53714084
16779
1886968
37930887
33117377
5289021
21794546
6911258
9468848
48236140
38649534
19941346
952663
30687521
5094377
14428035
46456931
4443733
65363767
52203250
18572355
2471003
3355640
28222599
11075835
31293369
4638815
2818429
20089385
5429758
43740653
1204257
40675456
71151472
9259053
13774500
51929520
4270333
3044516
22303582
51433801
13101848
19558936
4259584
53298335
7447952
60289759
1391883
6439463
46142736
46688401
33471
40179295
74293
1899965
64624699
6286023
67928595
87415416
15180882
40560372
37276981
30578637
9453215
7071968
7444993
18380429
12695939
51998405
18983886
5902739
2225567
9539070
64326555
3162768
7112507
9350015
57177446
3563591
3584061
36129685
28300640
3547357
112505
378959
33806644
51103777
8068388
19311472
33390943
3963518
2267427
25627250
21698256
24582076
23282363
8790696
12085774
49374918
23382689
93586313
42757865
96176581
20251216
1251394
11298247
15731591
94515062
41582
6284410
76892246
4324643
2825891
1670952
105373501
41511549
76663732
40502192
101851409
95710628
6250732
8220078
15880246
113048477
63681244
71846138
6848543
25760973
13068158
28300424
87001514
3395605
2598123
21455475
13074958
43137979
7685357
101385356
20518628
36845765
3224837
25665642
910201
430682
53295805
21086076
72081270
3613384
38298583
13988017
2374307
43618873
93173533
4627127
27230062
6229876
69540591
8393822
24795451
5120267
56316470
21679490
13389489
42464623
10895427
27103393
18318915
13093424
37595634
56221490
9191135
9377603
41471858
3082561
12737524
34703321
239908
75709017
41045284
105551655
75566039
52492586
39744793
50462114
60762970
129187756
137125131
131931005
37128041
12747478
30116555
50900208
4260592
42274265
81221789
1024557
971542
51226821
27986002
10788277
89371951
14051042
61939007
39247062
4161613
2892839
42756757
69143562
10909710
6083048
18810648
33692604
3226032
41790087
20833730
2139213
20597209
29331619
64039568
37461359
22246326
55017196
49413208
11946841
6431675
7799963
74462587
58586839
18828943
8965717
95597349
81955832
56201056
56922719
49228989
71724962
2271530
69396306
4373437
78242037
8931337
8298588
1233837
81231457
60931702
10387894
2075586
10751573
15066811
11815689
98016203
3529304
9498614
21336701
90126588
22386818
21290529
24386704
4063683
78306060
35738256
62263534
122307914
9226185
28149234
4574077
107656893
83995621
15977818
138024209
848994
156019086
24096287
5047596
69812257
798686
4955348
28580018
72392602
18523664
7479577
27966385
100112491
164119565
137630743
151077565
28245237
33086445
22708580
79266224
35736186
84862617
165359926
1275840
58097192
22101900
10763576
39262143
9423396
94006808
714881
43725652
52299250
18950294
86327660
88152578
1447768
80018241
6350120
49711492
132784263
51490572
133885582
139341556
5284045
59093519
108557793
115255234
3993770
49552250
76115881
170215
155501222
1431692
9206590
46133720
102250904
1598781
4813326
14502193
54439718
41489281
188330111
103815511
173492813
41094926
122783705
122526253
187113075
4778491
103851982
28554961
73131445
68464368
56530356
133303431
125160545
122910776
2544455
92509341
34424998
52957104
22241752
72404769
99018129
72571229
2516174
95047588
43187902
5944586
28286991
16324636
10941973
9049231
8744287
49142049
86182406
34437605
166731315
80367746
225503515
67689703
9267593
5450126
63885340
5477749
28767313
47120565
20098633
20347701
5481643
123140008
139047116
195283840
47136736
104658628
173496675
198997993
22471512
34136851
35969297
53898166
18868437
6103581
6096954
82876438
163715831
43391257
19573929
225299402
42635226
188118391
4528192
23714003
5449494
45201797
16970485
91633053
6667508
135531078
89610953
89468006
92057104
105591392
44838731
28469611
4215975
15023660
103725032
54783293
143343189
32778134
26043305
13916693
175882993
56737615
86819494
255744715
219537024
5460134
11411002
109597664
89193536
41599464
2758029
45656515
10563537
23862317
50110614
73817819
75188023
115257160
711225
75685541
131701848
23300984
166428124
23019932
228425
32337818
39985005
18604658
176244187
58937781
138758495
181093963
50033609
116360954
18885210
2988443
56814192
215343066
3857219
58086773
37534281
96818006
165296224
5028536
63078942
32341067
101433026
36511668
48931460
5097239
18679802
81078394
168255696
50541912
64375380
101950679
72333002
45402634
1766761
109235579
154244327
49011383
95921274
47444418
76929584
20351145
42116585
180437530
51728088
29888128
1267591
28047764
148070758
194647492
49582045
138626586
15720449
139055612
75668437
49938391
59473250
259151399
26424092
107239622
32009130
87580836
26200288
180924350
6884681
12901901
212963215
29102493
104501926
206679361
33977196
37147227
76968472
274616734
136321999
16432995
19657410
65668130
43722924
51659619
2192814
73262477
84053423
17529375
189039599
191644060
18080427
50066619
122620167
173827578
245843727
23538253
149067027
235577270
37081485
150421642
63896379
13481251
191063454
6679038
57736089
24950930
127229955
168602105
141195271
59450481
306157637
252532759
9659538
80528518
179497976
288590824
14747622
274476919
12216544
277872497
68009356
31799288
42656455
217860881
5406928
136930010
32878785
30735421
61687643
272921762
58278567
104814040
74087181
32370128
18248724
95610750
33606019
56603498
23632037
3314922
16981910
53703634
36815028
92965268
143635786
234712248
13892074
108163060
24988476
189708187
35488624
25638163
30039715
48469945
172416104
16657193
281041724
83321101
41359436
215978089
246502397
20815076
53066127
47037725
152216374
313621880
125373501
1754079
16193004
133339890
139104799
150503820
161503457
42464630
7516963
12851157
14948994
34331943
113561951
164585033
19649964
41678333
187557637
298938633
29217936
208557774
94012868
70118788
83203294
13765049
293570217
18458118
78891290
7626168
50606822
9206902
132777653
49399428
88879941
100111426
115211936
129756176
197497883
28118367
156838225
7382852
55347724
194660475
246458021
194959070
119867027
37214358
3671435
348305534
269342103
201799806
8622987
43260224
82692023
2346109
69715964
103059578
118292998
144949820
90613129
9960162
26040308
171695957
720902
90732729
34994754
9874629
202529967
164616070
35806413
1025171
63775518
47163353
11042239
23538644
2602122
18398138
36198775
132053914
45773382
20183844
256331211
69213122
248720076
108485529
182032836
120029639
2740148
9326119
125178326
139164750
56979141
49861415
30227303
193969342
7478363
33078342
4972014
124289890
24425306
128327225
49978061
110085511
34400016
57339322
320178198
26179104
74348825
4636100
160751156
74490799
145156613
246817676
95388750
169397097
31998907
275388939
342013525
57350943
230380970
376957739
1801380
15922470
38970925
47788880
246482145
106312635
8483531
250136964
78835276
118342635
325105686
215070232
126446880
173150677
186753825
118344869
124325760
77436215
200097952
