239776
239776
8901
239776
148098
0
228134
112711
275867
372749
372749
100602
170218
55432
130375
332297
332297
332297
181742
132835
144530
332297
181742
332297
532710
182230
333639
184870
357300
288846
158168
198083
198083
360996
748682
360996
371116
371116
836182
218083
221314
848572
946486
101470
188714
113600
212439
156167
384584
946486
1005334
306634
1252756
147042
315226
336150
336150
398338
431181
59587
54325
174912
253583
1392406
358042
1638190
420204
295503
1845950
564364
381710
7559
1845950
1078730
2124400
1128962
723431
1128962
258517
825043
2240201
1397648
686065
580689
196170
1995998
3747520
3928772
666650
1530542
570728
3067240
1943362
416582
29092
563283
3970045
1012998
3972205
4598766
1862700
5545329
4773289
1497739
2945581
1059137
1937539
1828944
393247
1151468
3251741
1411710
3028362
1536442
360838
1479987
2314173
8360498
2384244
778422
5527998
11638931
2364294
3828051
1475097
1608434
5780766
8230308
12311212
5220086
10225502
3369057
3601996
1209613
1638331
2751710
139408
8620792
3614605
13879172
3662608
4184047
858417
2300852
3367428
20798516
3003188
1233120
143766
3429969
13536792
13969007
11535409
15527713
4445756
11181707
5534122
11141117
4009662
7068434
2616712
12037989
106932
412181
144441
4402244
8327463
2476671
65543
8634162
322728
5202048
1122186
367477
5378937
8111740
2509912
14566880
11887923
9917441
31912593
2226138
7933568
9762591
9872293
3793257
7391332
3739956
12448126
12190590
35645
31623689
2107346
6811847
2703461
18980914
1912590
27062871
6683563
3344480
19781893
15068689
2467207
29993025
8543914
34514297
813207
1848933
23514053
10726947
253595
597289
3887528
7548869
6976563
1225456
5069081
10647622
42193147
6959367
1130551
22259014
34468256
25182329
30011079
2471211
394756
6323086
24599667
2107792
36208540
14916696
19820266
23385631
29806073
16386803
13600905
215710
14722324
47001036
22162468
5017473
9023645
16064358
2286310
6306730
15663462
961476
845409
7596448
18859659
19315003
4878732
1243514
5406537
1184739
3364449
20805060
10943115
23693104
617520
9510929
4283006
49047965
19249425
1923121
33410543
5976829
27498818
2661155
21010856
38518881
44209209
466319
4516973
9633758
11470268
114338
2992657
652468
35998587
10766726
7953228
2858224
21557198
35909232
19670761
13319155
45236740
23377747
2681997
36994587
3756189
15128627
2000047
65227545
36933994
1733771
4859667
17259699
31036849
36119640
44478909
37372739
4894851
24250112
1944892
3402145
26886024
9451722
1665892
3986560
20849350
1686301
15958207
41300339
20425989
9619968
49899148
1002371
20425289
56003002
10083441
39845276
7124911
2124597
7328404
35848277
37736637
12645486
20888060
7410404
16172910
2343844
16254415
73014354
7686664
22028147
9301646
54063012
10761791
2639832
61211225
34600601
18276659
12591607
41389864
2028921
53467281
1316972
5985089
15340358
5002624
3290636
19277174
1802313
4946943
539489
13012867
41979756
15165328
29091710
64173117
14667791
14435185
31793351
87786996
72551624
19494212
1994286
28722492
8960123
28182199
2842056
11400742
1196562
37308247
52338867
17619164
6515637
32205111
48126307
1638067
17174107
27544991
17696511
65808038
10425667
28176424
10608484
21966978
35859013
88856023
9463820
319571
3322607
14700163
83301823
15917868
1315786
21455496
23864956
74670708
53384512
16215320
46862003
2959804
8760508
674107
20365962
26122375
9627210
22102746
59622129
3327618
6582872
70085445
76690003
233164
115891215
22303965
57360961
83258065
901609
64279056
3580791
7420384
40921430
21063270
6941620
28523496
21927086
3583237
39132707
8824228
20418294
41063444
6188561
24521647
72390441
14579018
114506755
63125485
52372448
11397474
45258600
9803025
90608439
7548402
91770108
103633742
26864246
4679502
113212346
3920239
19514077
43975380
1620156
63399968
902902
29127764
19275456
39182705
30162214
6546969
57348740
68631687
45094231
10973924
45994153
40518158
3548461
33693271
37817630
29589610
71627104
24639886
48218858
44606853
22620377
93594056
47845980
35799689
38753282
43862924
62627937
8105302
49042524
68023577
126659751
107858676
133690952
41039907
45222106
19410264
54319948
13833396
15621735
40230311
61737245
67391175
30230436
25641266
39493846
65155229
3740667
65429027
4893924
210154
37685316
37833351
3455917
31773161
5078111
6117427
63508992
56947941
52073658
32661230
49093212
8275508
37153986
40734285
6950620
68132195
1040177
40919133
21300092
49063559
66339393
5467553
37414690
16804601
44176322
138567276
51481401
57268290
125549448
116917103
48426966
76195813
4774107
23880651
23830485
10799014
37029093
56049173
48459610
3629286
39062986
5266259
31258356
34837969
17292653
7580924
93280999
28746476
9897449
574007
7358496
103837722
23749195
94776195
21509007
21342048
123533861
19743626
14485009
45411864
28943476
25758084
94262541
156602559
33598051
32392059
4969490
146782453
39537692
3952752
33106968
1896558
35789327
121761100
97065875
678615
112055658
57289
77120533
139480772
5806600
393329
7850173
37248645
105559273
82093880
80004992
79861587
111942634
28867436
46264411
101181676
93644360
63362513
15029249
122591700
4742485
19858827
76053907
26423130
35835973
38319430
8309322
50199712
143242339
2566752
87462983
70472536
326781
1526808
8587500
4312085
69268520
16075539
8075664
22485698
20765032
34625765
57862179
106676906
36409171
52423691
30277049
145046986
30028243
27109518
61495948
18222715
14451019
21517413
114811318
86825
77714758
123766064
6914045
20230332
4399533
52132141
151221184
17334930
45245077
3284011
1382039
3994058
31685258
7604643
61272552
19477712
24400877
33807686
23527697
14988831
17525012
97402269
74764982
9838420
48951412
89305770
52295685
106645555
9558588
10407398
109929303
76091892
30457031
14665097
97599431
18557814
69426081
71340985
44350449
26885966
8469612
9287734
3297857
178297702
19406244
8898051
14857446
129872197
30315823
2154587
5246947
62784763
21691653
82903859
5731202
23571126
199578722
9528409
16547533
6433336
50284602
143343440
2665424
107971287
176758261
61037321
7198800
106560778
104484183
187868667
163313064
6885373
142095187
7477400
65912351
33949171
59263936
25778170
30590784
93221333
60419689
21377979
68727588
16570651
70080853
66727936
40101137
30916794
25015545
13945580
75448715
10749593
94152317
22861178
28624275
26360051
198450
165920656
53020325
81338935
5631011
14655548
200685830
29671319
725857
1868926
215182043
98024318
184705081
131578954
1741063
84025905
75413946
99908516
61163603
11508499
67110314
29309645
38079394
5153088
31092434
123340840
161626718
3399852
60768491
109892832
148870439
