167318
210334
210334
142609
15207
225116
228897
160955
26588
185295
247897
98106
247897
205055
257777
90259
129418
121610
152234
152862
106739
304403
239011
239011
108624
311832
229809
225139
311832
311832
58555
192454
245191
196187
250271
255272
255272
103436
315434
255272
0
53804
353119
353119
72490
207415
298146
246046
64218
120734
222090
407027
285603
140145
521109
521109
81424
156838
416359
360485
140547
549429
605109
384783
384783
265888
416359
360485
624149
212755
624149
392943
624149
624149
624149
351060
392943
149022
423431
624149
624149
624149
392943
624149
88947
128777
712489
302462
333743
474851
499791
967219
465018
528095
48554
488660
250561
1036449
1058079
1105399
54509
598801
319796
623539
456186
633241
633241
1370860
1301189
1552822
871795
711661
507496
1792523
971240
882492
69045
145972
918579
291621
2479307
863805
1978772
76145
239202
1564636
1548536
4113153
1251470
4504938
794037
1143319
3271909
2117291
7127742
9557747
2056373
2125310
566619
949685
3361228
2280298
1597663
880187
1337684
2078681
5191163
350616
1859376
5827921
8514828
10734693
4779062
4122632
1076201
2113562
0
883816
4267630
3324684
6811608
10733146
10057629
312865
3902794
11323201
2696893
401220
789584
8208371
2846573
9808039
9447566
17964959
4499319
9796736
62283
1208643
3762870
9230483
13888611
3653989
6853045
5885074
10252467
1023543
16826937
11528930
11288231
484847
3369836
1477828
3035001
19839224
2167330
23564380
12291839
8446753
3065061
5372077
12460660
12565046
2809444
22121029
329595
25460753
13791655
161346
18198598
10719575
22409066
3046902
23868297
6235947
440042
31395126
382327
812695
1897466
5426016
1335151
24193143
12420358
3281517
1927768
7075169
7506059
5249723
7681952
14178277
2932769
1047662
16386335
5330665
905682
6338326
27887433
2849344
14570983
13849420
1051688
3947314
3331030
30134555
340871
251357
36715682
8392679
7688
5870648
25239586
563604
74770
12378985
33261032
18303623
10842650
3089507
7995489
15341277
5216684
41687854
48411073
28120990
38270522
12494838
421225
45122695
14519239
33864091
40428271
25919143
1600978
16010463
6750823
9209
1973557
17760581
4256371
863679
1986427
42872896
6265821
27009119
37087048
26773334
48353479
30221314
178644
38378716
11354809
33399095
32246485
39736179
8062368
8703186
18213960
1724985
18640
14252655
1656726
13830308
26346309
17445429
24301541
8174023
19094451
6584979
17502498
450420
61942877
4558489
32798145
26850751
16515123
15480334
9290530
6466749
32150172
6342272
14835647
1345169
5314407
1776953
70209976
3571891
867478
13461137
6032732
25964188
11548748
1090278
7194022
22128636
3756732
20218527
3450166
58602966
14874319
785079
2699764
2003272
45245709
2076894
7082690
26283001
4421075
40696950
6965563
53842621
2763510
16576786
13281958
51149659
3063608
1224785
11851836
15195369
6121443
8981586
35257775
11265780
948184
10202835
4380565
41389565
37048199
8183609
2852673
42695848
16173123
19771332
10315365
64657458
24897749
16433918
38396858
7901205
3127777
41867297
38693032
8063477
4238532
18137001
9370241
4838950
5163860
38026926
65373327
21702996
6462787
29937532
42848156
29993338
13856924
34316160
2092831
49644307
22630812
1927884
62720156
5212553
9869694
2470993
2912896
55780273
53723979
79481965
39998631
33233903
46121285
80256352
18142393
3426745
52895639
50725183
16571273
48448061
12808030
99382
76242137
12930693
25564435
26941289
4165560
34763054
45966038
14271615
32934
64339946
20182210
15568449
5274241
75181393
8832734
25853252
13986728
28563180
5089391
6066390
17638162
26878584
77484137
2568712
19178048
32640840
47452466
6157638
5690822
9693413
135371
9486948
61043453
10393136
40243290
28680748
46059712
76793
6514664
61811773
81199292
25944736
4685322
70287422
27032605
7292137
157940
16004314
49759835
5257644
53154062
34211203
1442316
34387700
88079907
5377567
2371195
83039840
44480394
43887149
89900480
5796156
11775517
12851575
35416831
49508493
11940914
2296798
24757643
25409621
26682867
98266485
19106654
87737239
22094945
489849
6075321
88979021
58391321
12088508
30661071
9042536
18392979
11039871
14921707
7245117
6660501
52833805
10464274
15520149
16687023
76508703
16274462
85936997
30986984
34252032
44607472
258997
11440414
1550460
47111551
44214400
37246271
53282698
2875185
581771
38537523
1154750
27503996
38959591
17100913
41081974
3154179
13621593
51806884
61467414
5561908
3922535
101853
16758755
2918522
33886923
63592264
80779173
75824224
45920006
10516494
37951462
38173469
9441866
3411317
34533562
12061885
13551441
13778101
18928157
10602000
117713069
32559308
8290774
13572728
6265205
90024045
6244028
6324845
21089575
55931038
12119708
107997180
22390335
43922164
18492559
73490814
35462321
29092039
83933584
48378489
25768074
3534625
8698138
37939003
58176406
21024641
847938
15390532
52572145
5810633
65461991
14780440
21757447
41907711
6101676
36025908
64769805
2912468
26818901
40674499
94418813
80235757
34579812
1089352
37184171
76588508
41329118
19049305
110314925
36974611
6824733
95844990
84234996
11631865
9399507
88042001
101838573
5814604
127002067
101888821
46355987
110238874
37336352
75166158
57587854
470609
23567402
25851811
8776806
117980565
8264796
72110199
45474222
57806063
1429231
66912000
78055626
10485383
21097412
838997
132503767
19803327
110664044
3890388
6107967
26093522
26884448
66098018
20624707
3412844
53719571
80276343
16621949
33165371
129187512
34801336
619512
29219338
13831614
22508882
40008377
13414735
53784665
91689804
12388024
23261455
19000921
25516040
25175871
23237774
76824024
25538336
5228142
108139593
64063066
37862947
11209161
36031486
9259490
8665897
73036802
8727805
1419942
12212698
68628725
26312090
48111643
49057835
49984704
430809
12605106
16633558
7232078
44331656
110489077
63185697
16178079
41908284
28626805
13426050
34190958
86510462
980170
41206559
1068162
73164162
56825681
65582916
6901098
56751255
113361620
36469949
46116451
27752499
57197736
69360961
15548485
54314999
36875084
63116258
152068032
71328007
11860294
22838730
163054749
90347717
118066468
24640015
66504778
82396532
102877410
23144874
51136645
40230919
46655937
139561134
17078888
109508841
10326668
5930351
108168519
3180616
19834889
35450342
15683931
130271318
12237284
7124095
29143364
19721834
99980175
1111667
34085680
97093771
122351121
26947107
10173452
47761560
38296191
42247404
91066728
73638327
66597098
8308725
12556716
30875635
10969910
78043763
19472559
50122517
103189654
107125147
9191052
5662335
23630285
173432041
15585887
13182812
7472362
32543707
29672478
62616626
96876001
91221329
141263272
24029045
3162629
75148522
93490916
47705718
27659571
9307351
42506099
55720943
6607894
120699124
27355383
862003
16046181
12218956
55742679
11438001
90706891
39145425
2880923
675890
18150175
6373581
4357130
14337869
82775733
82102212
6489990
58617944
3046122
139370894
79825774
35986727
76912476
1750447
70804333
16769604
18504661
1223213
120680565
10025047
10354676
57347542
227559
38786892
14873663
75004615
20370132
17845247
142305446
11261996
85720540
1368676
26941785
7242961
143475398
40781686
8837041
41923858
195483397
21860895
15321371
13586183
53469277
3917447
72416171
165205124
94838191
4689603
58342913
22331032
109083564
24907038
83892031
3483874
140831307
89739130
45813065
123138752
43756596
61622185
84156427
16922017
88222150
194126224
98317560
29195298
136833266
120970807
74952253
42009252
44223418
13630613
39560839
4316904
38882029
94784407
24267464
183482334
55888543
4079326
48382358
73108799
4707160
30889282
42012478
3080781
128285406
201370299
8358198
4051324
28857200
29350157
94466959
43996680
5300644
100610370
65928313
36389922
19786672
51092865
10856670
40715032
165710
125828015
55576449
59100618
19205605
199023573
57224852
6917708
47452275
35388360
6404904
51560374
24369717
17430106
12898142
68509780
54636647
127092324
25486816
30552109
3326992
160343724
69184606
101298264
61013203
18663007
12350750
70429176
53434458
124795216
192784056
90663235
211714897
40206460
76135006
908517
35719073
80776618
53747299
41444959
21872538
32702182
84851917
42831265
84687726
18801539
106260582
13254672
9893919
142678989
86569155
101975352
162498405
43575471
51118675
51267506
5635767
1575632
28632641
167507033
241855656
116937229
158588647
100988839
180153967
15183303
36285265
96134649
210439987
14610219
174065903
124571015
39635162
4860792
91326868
72331874
49477276
62479044
48435083
77953177
57188514
78758315
133447617
102177759
21548237
21905157
25065022
40565453
54455233
28570777
4075547
10067135
29496210
28590861
62224050
82002515
154609906
30632905
60642751
62206884
36249284
155757615
31248615
69631491
99031299
79109334
105428688
214699638
25575013
36713470
26310037
145238246
4375220
70573606
1769154
5592106
14650678
77934942
1612004
35029303
75305089
21793229
86014487
7367396
112878494
156943441
123562812
53654645
43631581
99642387
12017185
5561538
149240733
132496389
176709311
12691220
135028845
37284419
47633718
186401275
124121236
6357468
6717253
6539167
169471886
17487558
89337602
55692817
117928847
226454372
160863390
166434858
51507239
53517664
107782012
144523223
5507931
84548457
283397
8688067
53591670
141237093
194021560
98511401
111083321
4414918
109134349
15633358
37595900
12560570
67365242
23168347
26290470
111279676
14337087
36396354
39305587
20583319
136435111
241073
42676699
30920920
86153053
104367496
97446542
44095103
139995795
91530313
12153632
39660975
67189928
14905466
137374582
42537857
161087471
1417912
196341766
19327587
61499457
186167224
14382281
21550494
47653284
21708729
65032084
102241802
4555662
15615160
24310561
24449664
74009815
77637506
31956523
18991933
19639359
173860969
121418222
15976105
12274722
183290474
57920706
78879124
141211746
87868170
68639737
16348785
166337852
201436661
101781633
105439733
61716494
23342585
