181763
77253
97703
181763
51577
115146
111551
193403
95783
27330
207941
129887
208049
208049
208049
208049
73183
119066
217133
47995
143122
209318
150234
163869
150318
125329
108025
230129
171605
56991
49888
145210
161172
235181
235820
150387
52766
148045
0
232939
166842
148887
255839
255839
298717
259403
114494
144743
259403
77782
259403
259403
265925
270821
225312
310613
151706
195281
151706
258899
269581
263554
369613
269581
302648
348264
348264
348264
249663
419613
290109
231926
290109
73444
353408
44522
321955
9421
320187
395724
366390
320187
366390
291465
297831
244177
339974
432950
482990
620103
201968
168571
513526
458557
515321
322389
495836
155041
322389
536543
757558
503904
511314
33661
516845
402505
967779
77018
204132
962531
294725
2876008
1636481
844847
809562
289097
3505226
20277
695765
2749429
3282085
5567972
3350700
2305299
250493
462765
1107412
857612
5882150
768351
462765
494106
47720
4721120
102171
1032213
183545
1001877
880376
621697
180587
3487454
996558
3367617
1193655
3306560
9787009
1667681
1885115
7984362
5326649
1297983
715086
3758577
7102498
3348484
4785543
54525
2667538
4449264
1309770
5248666
4106661
55278
2117108
5853037
2456848
633830
10257109
8206902
3119048
3088362
10728797
4741128
2453324
55839
2236461
1330369
6353291
2984515
1774052
6986159
1214574
3181942
9977302
7834819
6303527
4856602
749774
5197564
8168525
5286616
1698242
5603795
5356884
11014843
1414306
1097697
8082176
5400156
390903
958719
4696579
195133
2193328
6154078
1350872
1346527
1638404
5755991
4563862
9875509
9708744
19624096
9811346
4786226
1694205
4936509
2477088
4246420
0
7061019
11858367
15931364
4287925
4680509
7394275
8417708
8225848
17687538
9640603
3371873
9236196
22571189
11676208
3749353
7882650
972383
10542557
13630846
0
14015821
3957999
6215276
5238232
9254940
19706229
7638298
16247665
4485540
21541552
12771193
13148754
1454313
22590600
29782675
5389838
5223075
7207900
23496935
3556921
606050
18795237
2750724
25014040
264760
22705698
7821932
2058380
16675042
7249707
13209581
895835
1667286
11786683
31142880
23901032
23092253
16764959
9233246
18822356
2237696
11821211
8559382
30491352
5785753
11363241
19587160
9031768
8666443
42846556
3563439
6977818
22091505
32468153
10392695
3121938
8701745
1790544
7509746
28807774
4938127
21843275
436429
12261351
7724946
5472422
11353974
41039889
2902641
5571887
14406675
1911771
1095577
20594693
14707698
13276283
37245322
3846256
4408235
4019458
34712457
162189
6695138
56492237
6600468
8267921
16633669
2484377
989489
48463453
12720630
316254
32147605
8761811
48181976
21652464
22252559
35092456
1758966
30817872
38894150
15072097
2513133
885011
7400703
18108986
12520430
5884511
4695147
565144
21156375
47786145
13078194
21742719
2269577
30793747
16502847
21997390
2729704
31019064
4207277
7847244
15540889
21956501
27913692
35852930
3993006
29793478
54136160
75004
6343321
1811051
9191666
2632582
6120643
8550522
10985791
66261188
175179
56749999
22219138
24328314
23522304
29911641
12577988
18152028
44570191
16839169
16750809
894822
53807212
22397537
64032564
287379
4919309
3971661
8202234
6204589
385123
43446523
24914174
7421036
16233515
45306914
26550185
1285000
22705434
1694215
26953390
3972346
7749187
7955849
6890072
20934052
15592654
4640854
11422132
11590250
33126470
5151240
2185118
22030080
35674730
36695440
5650462
5957443
16846549
551808
22907761
1418405
28382059
50280587
87681034
13939172
13909018
547548
7761090
20674459
5214877
26380446
78101877
23193183
39088184
9418098
15214510
18197731
29114390
9167327
1024705
18196799
3171627
17256079
2332357
39937499
40890918
52000212
47573374
12004772
1720041
27174626
3144285
42989972
27024009
14830522
26227355
5418664
10840880
63037578
2658151
3403447
45803298
82829115
23729241
50891060
85504591
41393824
14470071
76816652
35717654
33763107
10431733
18725391
95706349
7662324
1859342
40058241
54588597
9467605
15107878
933874
1330868
56587382
6872951
55593693
35536537
34144284
45647429
8346118
36110
55752230
4881388
46550982
20609988
4872880
58604634
40073537
9521515
41696836
52148910
84490554
7097654
715937
31278915
78014
3777473
50791570
64415726
38598894
21603309
7440281
38754527
2634120
36385905
79923191
41427462
62042994
59146197
11049156
13722433
71234439
1473576
45043008
13156521
11990182
4503803
14855725
12214525
10811371
18230804
14449236
52559043
59294316
48885362
105794073
37894227
100226478
10900919
49045618
8997370
39869672
12924274
35913616
67694012
81530101
9783507
29919717
42137465
27697094
15895127
26043286
747299
63909684
23027524
7506537
3500570
93634481
65181195
73886741
185273
6567167
31639718
19429572
5045430
23169757
10839634
5541491
71892246
3940985
756917
12931468
16259475
64390327
80917015
1635241
947674
1883003
35093674
60591229
3895194
2216293
30949593
35530440
56367767
3531329
10315386
92893668
4785015
6087807
116670080
42221277
50236148
4675527
67776462
12847146
16099839
57567559
23619721
4659798
54336143
28456226
844122
20211103
73029161
45149968
2871344
4181000
127208
20053728
2064085
11596303
18026048
17722990
13637554
26336251
40331322
19168676
30728447
120475578
15680704
67122792
19631941
69207431
62995090
26549158
44629158
2091203
14169438
22442978
32100447
21951356
37265144
114156194
34519659
78177
53390049
9930264
37739664
8542958
47871794
40490565
4227220
515544
1155471
8013404
101800683
8088694
73745119
1863709
13601502
29591126
4438287
11001805
5954901
69734796
56047612
69339937
12837863
16585609
56902166
34302110
74144758
73412369
5559487
363510
80027401
83993914
33648018
21568501
96116322
19626224
38524156
549979
73209327
8368682
17837599
46758117
30208254
2905675
8955345
123797735
14026904
75645606
938336
12582715
32322503
116747447
59564625
93534722
16278361
41504644
25536455
18447146
59955142
66484377
24389145
119282463
59035492
46946964
105197288
33144660
27816977
35221875
102982226
62327106
6976763
10998246
50206690
89495295
31366640
50141873
6847668
75578455
27336712
98233185
80432813
21295841
3111868
32389153
20345846
23990738
51850488
11336490
18955925
52106872
54698775
38333455
2729106
19604441
125151208
90818629
65475755
88736221
65143299
62859901
60099374
19516867
2958549
34576560
35794372
25430848
4951463
110929824
19629079
22210866
54529377
10795371
115548244
19650736
1823578
1270427
36298615
8862852
35013805
56467250
5581406
42787187
53556639
4623498
11685379
69166583
20027633
11017022
103620357
60144657
54055395
118742905
16686674
84492170
119973655
21344292
75916145
32173989
2345009
66656788
24462732
34065892
6611669
27404174
38256112
38645895
19040530
154154013
98116890
85479468
16284446
47279511
82587025
138590196
31244434
35601663
167810426
5451502
6862454
98281802
31208433
25675678
7260309
101264082
5751787
111015234
105915292
35084423
7598713
23672798
7295767
81453315
52299947
9853192
14947928
105068024
5154888
3972794
53950780
63821345
52525547
5440195
117906209
31848689
42752829
11025611
108004174
50374534
129614130
88549455
6783992
70583477
129415851
25992496
24849608
8150597
56860520
8041057
54148566
101890315
57655874
57365805
42135593
112508825
58002673
41557561
18782789
9693799
38544709
41126551
6136934
6518362
12989970
77910762
33413697
48341498
9930615
12204292
41751422
12468838
139027403
9596712
125352203
63074118
83897748
78429819
4385799
13387698
39691591
19911633
23040176
57414791
13109127
6591402
29237027
60179174
6200463
7389582
20625062
95034707
43180630
15088195
162884552
43666581
19380471
60783470
23345220
21434453
22872667
113552277
40149187
116516561
117186741
48751320
65161536
1391522
7048182
15509733
101900818
71101118
18034696
25881699
33569834
208112191
41489442
22368114
32996729
53167422
107054057
82128873
23630607
102413434
137790274
67616904
6439796
144567406
98576869
101471861
222939338
114439612
61306234
5323401
139811084
180692798
99395419
100164368
29352886
10349623
9558961
13382829
7302327
45157708
151704875
75987587
46083565
128602535
60706621
110988694
152439154
12716434
134192867
19385216
82426503
209249
33439179
15166954
136580624
62919893
5216307
60296543
191732167
148206364
86568490
49720003
31406193
5988882
1850281
157692289
121304433
75717534
27781701
4917256
48174368
54410800
53368064
990382
25406639
143391083
124183757
217959631
44096953
91623704
8850842
7550992
36276216
18813966
87889839
78484031
9604876
108557951
8894446
41232055
20937704
30356970
68660678
179452960
30641225
46779948
43074869
74584493
149414202
106288618
132427412
38036261
31971950
15699881
27719497
61808390
28662945
167324453
80903749
114727131
1277657
60916013
25224143
130972781
36745570
9405561
36802305
42102793
40639178
88342768
119137150
51762475
86779426
33244816
4619579
61000362
52089288
84552543
2556691
100081452
14891440
56814926
80110703
1290172
265803
8140004
136292115
49874581
141104356
243727160
2336365
115918425
95462471
100674169
43609666
23609595
486164
12053189
26058475
9407583
10014583
132096433
15359399
189070525
83231993
84929231
9366349
57925805
176680078
83790530
53613767
34509406
210234556
3789359
215325616
14709622
32422586
130865041
43112475
69447738
152568193
201425499
9004871
5323366
173855924
262199235
