0
725670734
2
409821464
1
2
11
1
1
352343608
993510621
982155091
884351873
2
13
941622211
4
1
68544934
907235636
982155091
712900878
2
441121650
994791032
907235636
539519125
2
702393820
298687856
20
982245535
3
3
231058842
46820479
839780290
1
308653392
716111355
565264474
1
949270188
815356978
1
995538923
854279454
512385732
995538923
1
4
357251746
37800800
1
711141039
775184282
545084898
1
834958936
932573690
184569377
13
680929775
946928394
1
2
3
2
1
2
6
946928394
569722747
214923974
13
613695490
2
3
502876635
7
15
4
1
493597536
2
441014740
357251746
788928197
937260899
721742430
4
613695490
2
932573690
0
951487127
995538923
4
454031305
289046953
868614523
48443840
16102849
379249678
0
2
639585295
934303254
147602524
366490212
231058842
48443840
667535408
348022483
756538397
433328056
1
813304586
7
818129707
112752136
2
166127567
995538923
1
884351873
630780597
339618951
770167408
898680385
797766917
0
818129707
352343608
1
988413722
0
2
0
4
6
198953261
72018179
502947189
1
146626447
3
953385309
839780290
328748347
414869539
945141006
4
2
561178059
1
644153611
3
5
425380616
884351873
0
815356978
521133335
616217831
1
1
724432763
0
844761972
1
386466325
0
586549730
386466325
885033794
3
10524036
4
2
363831144
343806140
122984132
2
941622211
995538923
39267309
250812978
148559806
870993528
873059825
775184282
453402139
6
613695490
1
1
8
289230035
770437549
1
881819991
10
13
0
370845948
11
834958936
2
803300351
73099765
973705327
934066744
123035762
250812978
328748347
4
227906106
3
760409412
988413722
625287745
934066744
456752821
703124746
2
995538923
868614523
6
13
717684939
552819417
756538397
437343261
937842736
803300351
844761972
10
72018179
630780597
263278291
843341437
6
1
873059825
995538923
29552205
459654186
3
890170935
103970733
1
226064324
218833489
960048988
9
875448603
5
561828456
288753148
1
497948808
813304586
683495023
6
3
933382790
515939669
487757302
1
719546765
926805321
314682131
766796615
654155441
997351879
644153611
93204538
181932735
873059825
2
1
109157850
8
8
853293902
2
2
7
635383471
789567576
2
8
680929775
10524036
1
6
812564204
4
169229153
4
13
290967383
5
86518637
8
370561003
978461145
5
629020082
3
6
13
3
988413722
8
853293902
0
473423642
837282251
300556296
350473702
751797429
776829452
2
66925589
15
324013795
636865138
933382790
344578466
523312907
15
722169829
416636448
386466325
712900878
945141006
864056226
13
575625647
3
515939669
7
919722247
184569377
2
923001689
7
4
4571724
680929775
552040288
5
1
1
1
588633813
17763991
395374235
428946942
0
3
3
115077709
240053490
1
941622211
2
613695490
831887593
820150364
1
420578368
357251746
573999011
7
3
179783196
964759303
2
746780618
873059825
447356125
2
861173253
454031305
526944752
820150364
1
910018688
934066744
5
796701703
565264474
770167408
870993528
2
820150364
497770504
3
851413009
380631883
587551439
822269859
866956164
2
874566417
898680385
477548489
2
160423326
815356978
13
298687856
93204538
1
152736645
923670578
627945171
725001702
934066744
789567576
2
852679502
709029293
2
441014740
985092902
209963481
990955482
658446008
627945171
152921189
828587330
20
7018435
940443663
636865138
5
478221863
941622211
6
444885876
270247962
4
1
409821464
964641169
46820479
2
19
462323752
456752821
376575851
2
1
344280654
3
201843163
165309310
658612253
796701703
0
