850629120
999404891
1
983645510
660555963
1
463870315
860415745
175068593
888566280
451560388
887977560
436683419
1
865791878
942379176
421569168
386146826
1
644033841
977854179
0
808845562
4
660555963
12
899216015
2
2
981214171
2
6
314430028
2
177147837
1
317036854
1
1
4
0
761227005
2
9
392820965
3
820471921
0
980403981
931065342
831243463
899216015
3
999404891
977854179
6
5
848679667
1
1
665847960
63616880
896503921
11
343978139
877098239
313123909
997189915
929815233
716644986
508539857
15
1
976963324
661934356
2
743165027
351146281
916373632
991846193
970875544
684842427
15
597380997
554139262
560404906
255010473
2
972918067
934548006
628637453
413588411
0
898401098
1
609120188
1
955244888
560404906
354902740
865031757
2
70545730
2
966523618
991846193
1
902841845
0
6
916373632
2
285536428
978170971
834091767
934548006
1
848679667
716644986
917973151
232226414
3
63616880
11
14
9
898401098
1
876754834
292286188
0
142492922
529120737
104323809
1
149562550
970875544
38166491
1
10
682944178
5
404909510
617361246
0
1
2
101832561
576051149
103729620
5
997189915
597380997
1
3
140437
557324273
1
581992271
175068593
509685576
3
182081980
73440520
2
1
597704506
493760166
10
1
2
3
741314055
14
2
659540317
917973151
934548006
997189915
976963324
680644806
899216015
216242986
1
2
0
5
221551899
6
215324718
659540317
273871466
9
76391145
625379408
1
15110791
0
991102362
1
2
848086491
400129885
995716334
678794301
523962523
728433866
764049392
8
468810774
0
2
8
9
338041792
995716334
3
373909348
483071765
980631270
899216015
605962420
371733936
0
1
0
493760166
10
1
984487186
229011036
370894888
5
500638250
5
1
4
2
966523618
8
859094175
597380997
1
887416042
288773847
995716334
0
605962420
945755418
882248990
9
338041792
984487186
314430028
585281358
124460802
741314055
712129812
565871902
594243363
4
833903265
899216015
1
174662658
837139197
836557378
3
703806349
474242960
538585026
2
2
2
976778991
596553508
0
143207654
947335536
1
889375607
766793711
3
427580628
916373632
5
291804135
7
703806349
77900454
7
848679667
2
384638193
1
860415745
9
529515500
3
1
628290458
2
219403391
708554860
313123909
1
826703564
1
0
597704506
811489098
4
1
739177255
889375607
509685576
580999507
716644986
977854179
882942416
9
976963324
384654082
373564731
235832178
431844079
0
1
978170971
129829419
242552896
321878306
3
997189915
1
3
793037642
82059389
2
557570965
898401098
995716334
1
432807305
454116622
581992271
1
3
605962420
728433866
1
2
9
2
1
806345362
585281358
297221227
6
867537690
404909510
831721055
368414115
1
308366936
1
4
415613483
921332420
6
831721055
674659861
1
600158169
1
560404906
468810774
976778991
507502067
916373632
348181925
851654625
4
0
1
103729620
494909837
917778852
3
2
650725767
745179513
2
1
930842970
613788279
429251281
882638639
1
115207870
337159598
443129331
1
1
663400805
766793711
346565693
4
2
185613207
2
877098239
285536428
351146281
893985715
728433866
851654625
0
4
28772487
745179513
1
893985715
606837279
830546825
15
1
368791578
900901467
981214171
483071765
712129812
93419493
344340548
798965070
705171689
1
2
1
877098239
2
384638193
739177255
585281358
692342530
984487186
431844079
958067339
1
1
2
714078059
5
7
543449447
923717532
10
340581680
1
703184616
1
1
12
882942416
384638193
142492922
3
344340548
867537690
925262224
699193253
1
2
855357457
892308111
8
