1
749418353
277867026
739839368
833344412
1
809581851
752545954
1
280362132
191125212
885954321
4
1
739839368
779022766
240943270
50304289
6
4
1
10
291957826
0
74311097
289138719
88481957
953237120
928522713
7
2
320804483
873210620
949492736
355806544
4
3
694319112
685232072
9
988683208
131845995
930630975
1
208070139
1
610405995
1
648129022
693501257
724920307
2
6
3
1
877212643
341438207
1
977175761
1
6
170269121
362204100
1
835945151
576524732
985976426
15204233
781616563
0
3
911939661
852005733
4
14
150430551
962786256
694319112
24317110
4
953867473
4
48966777
703002139
385517489
208070139
14
941962111
3
935099294
86912008
4
187784701
808298011
410056599
3
18
745131721
685421187
956685651
984607386
508427895
925814160
18
1
690050614
965615711
0
5
816239958
18
2
984607386
1
707061442
531590434
819708687
153313798
0
1
929107257
658470652
961507222
852005733
953867473
1
6
3
2
554454394
953867473
1
347672788
3
18
15
953867473
969926377
491737736
749418353
401306994
17
236375592
910708201
307107209
930630975
2
961934440
744579873
985778082
990858935
884964820
3
5
682548466
17
898596582
814494469
1
2
3
2
873210620
902804227
1
1
2
65636229
0
864992208
7
0
3
867549890
0
266443984
2
4
901875440
88481957
4
333248631
865984469
73151976
4
515339112
1
807701613
3
679797922
1
15
5
6
1
877495657
266443984
976972943
8789012
0
714087423
564709682
876489815
350860032
1
1
976972943
961507222
745131721
862713452
899365691
5
862029849
911450508
3
13277563
862029849
4
772631117
6
553457717
48966777
3
985432204
1
576524732
4
39759854
145074636
865984469
5
48966777
694053034
129829632
746983587
962786256
5
116933173
1
5
990858935
3
4
822931513
4
818864020
934901166
819708687
884964820
902804227
623380582
699031239
2
593460242
727635582
319152671
993660242
354293897
553055319
733468233
945872262
397614680
783859778
877495657
929107257
969926377
680164198
902804227
88481957
0
4
494105793
859540425
928287600
785161315
2
15
767463562
980652201
70185575
930894934
865984469
3
11839804
5
459312731
819708687
268162064
280362132
1
15
1
644610665
980652201
1
274265750
655940415
600202330
1
805800883
0
155207420
3
399957805
744579873
908718672
749142413
693501257
749142413
1
752120930
2
1
2
123395416
752111370
867719983
6
1
2
984607386
902182422
1
738053300
826961274
1
248926723
3
406884560
799648917
2
1
3
805182427
616800625
304783597
1
477746659
772505652
6
937875479
1
1
559645185
682420106
375539257
752545954
313343032
2
233823687
42034129
244523513
285353053
864992208
6
852005733
673636269
722177387
186448607
240297568
990858935
19
11
3
2
336081355
4
1
481097331
11
603033474
1
4
2
983337844
657976219
619485681
953867473
1
116618146
976972943
465914706
2
620935967
1
2
5
717559367
953867473
0
750745299
1
984607386
564566289
19
4
715405902
960027546
433226811
984607386
17
619677173
803445190
6
752111370
494105793
150953112
826302712
2
1
657266866
808298011
1
745131721
3
779022766
1
964491597
826961274
610405995
399075063
999315751
523703739
115423636
859540425
6
763783839
738053300
